  [1m[35m (609.4ms)[0m  [1m[35mCREATE DATABASE "everything3_app_api_development" ENCODING = 'unicode'[0m
  [1m[35m (476.4ms)[0m  [1m[35mCREATE DATABASE "everything3_app_api_test" ENCODING = 'unicode'[0m
  [1m[35m (30.7ms)[0m  [1m[35mCREATE TABLE "schema_migrations" ("version" character varying NOT NULL PRIMARY KEY)[0m
  [1m[35m (20.9ms)[0m  [1m[35mCREATE TABLE "ar_internal_metadata" ("key" character varying NOT NULL PRIMARY KEY, "value" character varying, "created_at" timestamp NOT NULL, "updated_at" timestamp NOT NULL)[0m
  [1m[35m (0.3ms)[0m  [1m[34mSELECT pg_try_advisory_lock(7785184267534267020)[0m
  [1m[35m (0.5ms)[0m  [1m[34mSELECT "schema_migrations"."version" FROM "schema_migrations" ORDER BY "schema_migrations"."version" ASC[0m
Migrating to CreateActiveStorageTables (20180130180613)
  [1m[35m (0.2ms)[0m  [1m[35mBEGIN[0m
  [1m[35m (31.5ms)[0m  [1m[35mCREATE TABLE "active_storage_blobs" ("id" bigserial primary key, "key" character varying NOT NULL, "filename" character varying NOT NULL, "content_type" character varying, "metadata" text, "byte_size" bigint NOT NULL, "checksum" character varying NOT NULL, "created_at" timestamp NOT NULL)[0m
  [1m[35m (1.1ms)[0m  [1m[35mCREATE UNIQUE INDEX  "index_active_storage_blobs_on_key" ON "active_storage_blobs"  ("key")[0m
  [1m[35m (12.7ms)[0m  [1m[35mCREATE TABLE "active_storage_attachments" ("id" bigserial primary key, "name" character varying NOT NULL, "record_type" character varying NOT NULL, "record_id" bigint NOT NULL, "blob_id" bigint NOT NULL, "created_at" timestamp NOT NULL)[0m
  [1m[35m (1.4ms)[0m  [1m[35mCREATE  INDEX  "index_active_storage_attachments_on_blob_id" ON "active_storage_attachments"  ("blob_id")[0m
  [1m[35m (1.6ms)[0m  [1m[35mCREATE UNIQUE INDEX  "index_active_storage_attachments_uniqueness" ON "active_storage_attachments"  ("record_type", "record_id", "name", "blob_id")[0m
  [1m[36mActiveRecord::SchemaMigration Create (0.7ms)[0m  [1m[32mINSERT INTO "schema_migrations" ("version") VALUES ($1) RETURNING "version"[0m  [["version", "20180130180613"]]
  [1m[35m (0.6ms)[0m  [1m[35mCOMMIT[0m
Migrating to CreateLists (20180130181201)
  [1m[35m (12.2ms)[0m  [1m[35mBEGIN[0m
  [1m[35m (12.6ms)[0m  [1m[35mCREATE TABLE "lists" ("id" bigserial primary key, "category" character varying, "created_at" timestamp NOT NULL, "updated_at" timestamp NOT NULL)[0m
  [1m[36mActiveRecord::SchemaMigration Create (6.1ms)[0m  [1m[32mINSERT INTO "schema_migrations" ("version") VALUES ($1) RETURNING "version"[0m  [["version", "20180130181201"]]
  [1m[35m (1.1ms)[0m  [1m[35mCOMMIT[0m
Migrating to CreateSubjects (20180130181403)
  [1m[35m (5.7ms)[0m  [1m[35mBEGIN[0m
  [1m[35m (17.8ms)[0m  [1m[35mCREATE TABLE "subjects" ("id" bigserial primary key, "name" character varying, "created_at" timestamp NOT NULL, "updated_at" timestamp NOT NULL)[0m
  [1m[36mActiveRecord::SchemaMigration Create (0.3ms)[0m  [1m[32mINSERT INTO "schema_migrations" ("version") VALUES ($1) RETURNING "version"[0m  [["version", "20180130181403"]]
  [1m[35m (0.5ms)[0m  [1m[35mCOMMIT[0m
Migrating to AddForeignKeyToLists (20180130181738)
  [1m[35m (6.1ms)[0m  [1m[35mBEGIN[0m
  [1m[36mActiveRecord::SchemaMigration Create (0.4ms)[0m  [1m[32mINSERT INTO "schema_migrations" ("version") VALUES ($1) RETURNING "version"[0m  [["version", "20180130181738"]]
  [1m[35m (10.5ms)[0m  [1m[35mCOMMIT[0m
  [1m[36mActiveRecord::InternalMetadata Load (9.0ms)[0m  [1m[34mSELECT  "ar_internal_metadata".* FROM "ar_internal_metadata" WHERE "ar_internal_metadata"."key" = $1 LIMIT $2[0m  [["key", "environment"], ["LIMIT", 1]]
  [1m[35m (0.4ms)[0m  [1m[35mBEGIN[0m
  [1m[36mActiveRecord::InternalMetadata Create (0.5ms)[0m  [1m[32mINSERT INTO "ar_internal_metadata" ("key", "value", "created_at", "updated_at") VALUES ($1, $2, $3, $4) RETURNING "key"[0m  [["key", "environment"], ["value", "development"], ["created_at", "2018-01-30 18:19:05.689835"], ["updated_at", "2018-01-30 18:19:05.689835"]]
  [1m[35m (0.4ms)[0m  [1m[35mCOMMIT[0m
  [1m[35m (0.3ms)[0m  [1m[34mSELECT pg_advisory_unlock(7785184267534267020)[0m
  [1m[35m (0.4ms)[0m  [1m[34mSELECT "schema_migrations"."version" FROM "schema_migrations" ORDER BY "schema_migrations"."version" ASC[0m
  [1m[35m (0.7ms)[0m  [1m[34mSELECT "schema_migrations"."version" FROM "schema_migrations" ORDER BY "schema_migrations"."version" ASC[0m
  [1m[35m (0.2ms)[0m  [1m[35mBEGIN[0m
  [1m[36mList Create (1.0ms)[0m  [1m[32mINSERT INTO "lists" ("category", "created_at", "updated_at") VALUES ($1, $2, $3) RETURNING "id"[0m  [["category", "shopping"], ["created_at", "2018-01-30 18:23:43.534798"], ["updated_at", "2018-01-30 18:23:43.534798"]]
  [1m[35m (0.3ms)[0m  [1m[35mCOMMIT[0m
  [1m[35m (0.1ms)[0m  [1m[35mBEGIN[0m
  [1m[36mList Create (0.2ms)[0m  [1m[32mINSERT INTO "lists" ("category", "created_at", "updated_at") VALUES ($1, $2, $3) RETURNING "id"[0m  [["category", "exercise"], ["created_at", "2018-01-30 18:23:43.538188"], ["updated_at", "2018-01-30 18:23:43.538188"]]
  [1m[35m (0.4ms)[0m  [1m[35mCOMMIT[0m
  [1m[35m (0.2ms)[0m  [1m[35mBEGIN[0m
  [1m[35m (0.2ms)[0m  [1m[31mROLLBACK[0m
  [1m[35m (0.1ms)[0m  [1m[35mBEGIN[0m
  [1m[35m (0.2ms)[0m  [1m[31mROLLBACK[0m
  [1m[35m (0.3ms)[0m  [1m[34mSELECT pg_try_advisory_lock(7785184267534267020)[0m
  [1m[35m (1.1ms)[0m  [1m[34mSELECT "schema_migrations"."version" FROM "schema_migrations" ORDER BY "schema_migrations"."version" ASC[0m
  [1m[36mActiveRecord::InternalMetadata Load (0.3ms)[0m  [1m[34mSELECT  "ar_internal_metadata".* FROM "ar_internal_metadata" WHERE "ar_internal_metadata"."key" = $1 LIMIT $2[0m  [["key", "environment"], ["LIMIT", 1]]
  [1m[35m (0.2ms)[0m  [1m[35mBEGIN[0m
  [1m[35m (0.9ms)[0m  [1m[35mCOMMIT[0m
  [1m[35m (0.8ms)[0m  [1m[34mSELECT pg_advisory_unlock(7785184267534267020)[0m
  [1m[35m (0.3ms)[0m  [1m[34mSELECT "schema_migrations"."version" FROM "schema_migrations" ORDER BY "schema_migrations"."version" ASC[0m
  [1m[35m (0.2ms)[0m  [1m[34mSELECT pg_try_advisory_lock(7785184267534267020)[0m
  [1m[35m (1.0ms)[0m  [1m[34mSELECT "schema_migrations"."version" FROM "schema_migrations" ORDER BY "schema_migrations"."version" ASC[0m
Migrating to AddForeignKeyToSubjects (20180130183508)
  [1m[35m (0.2ms)[0m  [1m[35mBEGIN[0m
  [1m[35m (22.1ms)[0m  [1m[35mALTER TABLE "subjects" ADD "subject_id" integer[0m
  [1m[36mActiveRecord::SchemaMigration Create (5.0ms)[0m  [1m[32mINSERT INTO "schema_migrations" ("version") VALUES ($1) RETURNING "version"[0m  [["version", "20180130183508"]]
  [1m[35m (0.5ms)[0m  [1m[35mCOMMIT[0m
  [1m[36mActiveRecord::InternalMetadata Load (0.6ms)[0m  [1m[34mSELECT  "ar_internal_metadata".* FROM "ar_internal_metadata" WHERE "ar_internal_metadata"."key" = $1 LIMIT $2[0m  [["key", "environment"], ["LIMIT", 1]]
  [1m[35m (0.1ms)[0m  [1m[35mBEGIN[0m
  [1m[35m (0.3ms)[0m  [1m[35mCOMMIT[0m
  [1m[35m (0.3ms)[0m  [1m[34mSELECT pg_advisory_unlock(7785184267534267020)[0m
  [1m[35m (0.4ms)[0m  [1m[34mSELECT "schema_migrations"."version" FROM "schema_migrations" ORDER BY "schema_migrations"."version" ASC[0m
Started GET "/lists" for 127.0.0.1 at 2018-01-30 10:42:29 -0800
  [1m[35m (0.8ms)[0m  [1m[34mSELECT "schema_migrations"."version" FROM "schema_migrations" ORDER BY "schema_migrations"."version" ASC[0m
Processing by ListsController#index as HTML
  [1m[36mList Load (5.8ms)[0m  [1m[34mSELECT  "lists".* FROM "lists" LIMIT $1[0m  [["LIMIT", 11]]
  [1m[36mCACHE List Load (0.0ms)[0m  [1m[34mSELECT  "lists".* FROM "lists" LIMIT $1[0m  [["LIMIT", 11]]
Completed 500 Internal Server Error in 190ms (ActiveRecord: 0.0ms)


  
  [1m[36mCACHE List Load (0.0ms)[0m  [1m[34mSELECT  "lists".* FROM "lists" LIMIT $1[0m  [["LIMIT", 11]]
NameError (undefined local variable or method `subjects' for #<ListsController:0x00007fd3dbea58d8>
Did you mean?  subjects_url):
  
app/controllers/lists_controller.rb:8:in `index'
Started GET "/lists" for 127.0.0.1 at 2018-01-30 10:43:29 -0800
Processing by ListsController#index as HTML
  [1m[36mList Load (0.5ms)[0m  [1m[34mSELECT "lists".* FROM "lists"[0m
Completed 500 Internal Server Error in 81ms (ActiveRecord: 11.6ms)


  
ActiveRecord::StatementInvalid (PG::UndefinedColumn: ERROR:  column subjects.list_id does not exist
LINE 1: SELECT "subjects".* FROM "subjects" WHERE "subjects"."list_i...
                                                  ^
: SELECT "subjects".* FROM "subjects" WHERE "subjects"."list_id" = $1):
  
app/controllers/lists_controller.rb:8:in `index'
Started GET "/lists" for 127.0.0.1 at 2018-01-30 10:47:46 -0800
Processing by ListsController#index as HTML
  [1m[36mList Load (0.4ms)[0m  [1m[34mSELECT "lists".* FROM "lists"[0m
Completed 500 Internal Server Error in 6ms (ActiveRecord: 0.4ms)


  
ActiveRecord::StatementInvalid (PG::UndefinedColumn: ERROR:  column subjects.list_id does not exist
LINE 1: SELECT "subjects".* FROM "subjects" WHERE "subjects"."list_i...
                                                  ^
: SELECT "subjects".* FROM "subjects" WHERE "subjects"."list_id" = $1):
  
app/controllers/lists_controller.rb:8:in `index'
Started GET "/list" for 127.0.0.1 at 2018-01-30 10:47:56 -0800
  
ActionController::RoutingError (No route matches [GET] "/list"):
  
actionpack (5.2.0.beta2) lib/action_dispatch/middleware/debug_exceptions.rb:65:in `call'
actionpack (5.2.0.beta2) lib/action_dispatch/middleware/show_exceptions.rb:33:in `call'
railties (5.2.0.beta2) lib/rails/rack/logger.rb:38:in `call_app'
railties (5.2.0.beta2) lib/rails/rack/logger.rb:26:in `block in call'
activesupport (5.2.0.beta2) lib/active_support/tagged_logging.rb:71:in `block in tagged'
activesupport (5.2.0.beta2) lib/active_support/tagged_logging.rb:28:in `tagged'
activesupport (5.2.0.beta2) lib/active_support/tagged_logging.rb:71:in `tagged'
railties (5.2.0.beta2) lib/rails/rack/logger.rb:26:in `call'
actionpack (5.2.0.beta2) lib/action_dispatch/middleware/remote_ip.rb:81:in `call'
actionpack (5.2.0.beta2) lib/action_dispatch/middleware/request_id.rb:27:in `call'
rack (2.0.3) lib/rack/runtime.rb:22:in `call'
activesupport (5.2.0.beta2) lib/active_support/cache/strategy/local_cache_middleware.rb:29:in `call'
actionpack (5.2.0.beta2) lib/action_dispatch/middleware/executor.rb:14:in `call'
actionpack (5.2.0.beta2) lib/action_dispatch/middleware/static.rb:127:in `call'
rack (2.0.3) lib/rack/sendfile.rb:111:in `call'
railties (5.2.0.beta2) lib/rails/engine.rb:524:in `call'
puma (3.11.2) lib/puma/configuration.rb:225:in `call'
puma (3.11.2) lib/puma/server.rb:624:in `handle_request'
puma (3.11.2) lib/puma/server.rb:438:in `process_client'
puma (3.11.2) lib/puma/server.rb:302:in `block in run'
puma (3.11.2) lib/puma/thread_pool.rb:120:in `block in spawn_thread'
Started GET "/lists" for 127.0.0.1 at 2018-01-30 10:48:06 -0800
Processing by ListsController#index as HTML
  [1m[36mList Load (0.5ms)[0m  [1m[34mSELECT "lists".* FROM "lists"[0m
Completed 500 Internal Server Error in 3ms (ActiveRecord: 0.5ms)


  
ActiveRecord::StatementInvalid (PG::UndefinedColumn: ERROR:  column subjects.list_id does not exist
LINE 1: SELECT "subjects".* FROM "subjects" WHERE "subjects"."list_i...
                                                  ^
: SELECT "subjects".* FROM "subjects" WHERE "subjects"."list_id" = $1):
  
app/controllers/lists_controller.rb:8:in `index'
  [1m[35m (1.0ms)[0m  [1m[34mSELECT "schema_migrations"."version" FROM "schema_migrations" ORDER BY "schema_migrations"."version" ASC[0m
  [1m[35m (0.8ms)[0m  [1m[34mSELECT "ar_internal_metadata"."value" FROM "ar_internal_metadata" WHERE "ar_internal_metadata"."key" = $1[0m  [["key", "environment"]]
  [1m[35m (0.2ms)[0m  [1m[34mSELECT "schema_migrations"."version" FROM "schema_migrations" ORDER BY "schema_migrations"."version" ASC[0m
  [1m[35m (0.2ms)[0m  [1m[34mSELECT "ar_internal_metadata"."value" FROM "ar_internal_metadata" WHERE "ar_internal_metadata"."key" = $1[0m  [["key", "environment"]]
  [1m[35m (0.3ms)[0m  [1m[34mSELECT "schema_migrations"."version" FROM "schema_migrations" ORDER BY "schema_migrations"."version" ASC[0m
  [1m[35m (0.2ms)[0m  [1m[34mSELECT "ar_internal_metadata"."value" FROM "ar_internal_metadata" WHERE "ar_internal_metadata"."key" = $1[0m  [["key", "environment"]]
  [1m[35m (8646.9ms)[0m  [1m[35mDROP DATABASE IF EXISTS "everything3_app_api_development"[0m
  [1m[35m (0.7ms)[0m  [1m[34mSELECT "schema_migrations"."version" FROM "schema_migrations" ORDER BY "schema_migrations"."version" ASC[0m
  [1m[35m (0.4ms)[0m  [1m[34mSELECT "ar_internal_metadata"."value" FROM "ar_internal_metadata" WHERE "ar_internal_metadata"."key" = $1[0m  [["key", "environment"]]
  [1m[35m (0.2ms)[0m  [1m[34mSELECT "schema_migrations"."version" FROM "schema_migrations" ORDER BY "schema_migrations"."version" ASC[0m
  [1m[35m (0.1ms)[0m  [1m[34mSELECT "ar_internal_metadata"."value" FROM "ar_internal_metadata" WHERE "ar_internal_metadata"."key" = $1[0m  [["key", "environment"]]
  [1m[35m (0.3ms)[0m  [1m[34mSELECT "schema_migrations"."version" FROM "schema_migrations" ORDER BY "schema_migrations"."version" ASC[0m
  [1m[35m (0.2ms)[0m  [1m[34mSELECT "ar_internal_metadata"."value" FROM "ar_internal_metadata" WHERE "ar_internal_metadata"."key" = $1[0m  [["key", "environment"]]
  [1m[35m (225.4ms)[0m  [1m[35mDROP DATABASE IF EXISTS "everything3_app_api_development"[0m
  [1m[35m (222.1ms)[0m  [1m[35mDROP DATABASE IF EXISTS "everything3_app_api_test"[0m
  [1m[35m (465.7ms)[0m  [1m[35mCREATE DATABASE "everything3_app_api_development" ENCODING = 'unicode'[0m
  [1m[35m (476.7ms)[0m  [1m[35mCREATE DATABASE "everything3_app_api_test" ENCODING = 'unicode'[0m
  [1m[35mSQL (0.4ms)[0m  [1m[35mCREATE EXTENSION IF NOT EXISTS "plpgsql"[0m
  [1m[35m (0.7ms)[0m  [1m[35mDROP TABLE IF EXISTS "active_storage_attachments" CASCADE[0m
  [1m[35m (27.3ms)[0m  [1m[35mCREATE TABLE "active_storage_attachments" ("id" bigserial primary key, "name" character varying NOT NULL, "record_type" character varying NOT NULL, "record_id" bigint NOT NULL, "blob_id" bigint NOT NULL, "created_at" timestamp NOT NULL)[0m
  [1m[35m (1.5ms)[0m  [1m[35mCREATE  INDEX  "index_active_storage_attachments_on_blob_id" ON "active_storage_attachments"  ("blob_id")[0m
  [1m[35m (1.8ms)[0m  [1m[35mCREATE UNIQUE INDEX  "index_active_storage_attachments_uniqueness" ON "active_storage_attachments"  ("record_type", "record_id", "name", "blob_id")[0m
  [1m[35m (0.2ms)[0m  [1m[35mDROP TABLE IF EXISTS "active_storage_blobs" CASCADE[0m
  [1m[35m (7.6ms)[0m  [1m[35mCREATE TABLE "active_storage_blobs" ("id" bigserial primary key, "key" character varying NOT NULL, "filename" character varying NOT NULL, "content_type" character varying, "metadata" text, "byte_size" bigint NOT NULL, "checksum" character varying NOT NULL, "created_at" timestamp NOT NULL)[0m
  [1m[35m (1.7ms)[0m  [1m[35mCREATE UNIQUE INDEX  "index_active_storage_blobs_on_key" ON "active_storage_blobs"  ("key")[0m
  [1m[35m (0.4ms)[0m  [1m[35mDROP TABLE IF EXISTS "lists" CASCADE[0m
  [1m[35m (8.9ms)[0m  [1m[35mCREATE TABLE "lists" ("id" bigserial primary key, "category" character varying, "created_at" timestamp NOT NULL, "updated_at" timestamp NOT NULL)[0m
  [1m[35m (0.4ms)[0m  [1m[35mDROP TABLE IF EXISTS "subjects" CASCADE[0m
  [1m[35m (8.5ms)[0m  [1m[35mCREATE TABLE "subjects" ("id" bigserial primary key, "name" character varying, "created_at" timestamp NOT NULL, "updated_at" timestamp NOT NULL, "subject_id" integer)[0m
  [1m[35m (4.3ms)[0m  [1m[35mCREATE TABLE "schema_migrations" ("version" character varying NOT NULL PRIMARY KEY)[0m
  [1m[35m (1.4ms)[0m  [1m[34mSELECT "schema_migrations"."version" FROM "schema_migrations" ORDER BY "schema_migrations"."version" ASC[0m
  [1m[35m (1.7ms)[0m  [1m[32mINSERT INTO "schema_migrations" (version) VALUES (20180130183508)[0m
  [1m[35m (0.8ms)[0m  [1m[32mINSERT INTO "schema_migrations" (version) VALUES
(20180130181403),
(20180130181201),
(20180130181738),
(20180130180613);

[0m
  [1m[35m (3.1ms)[0m  [1m[35mCREATE TABLE "ar_internal_metadata" ("key" character varying NOT NULL PRIMARY KEY, "value" character varying, "created_at" timestamp NOT NULL, "updated_at" timestamp NOT NULL)[0m
  [1m[36mActiveRecord::InternalMetadata Load (0.3ms)[0m  [1m[34mSELECT  "ar_internal_metadata".* FROM "ar_internal_metadata" WHERE "ar_internal_metadata"."key" = $1 LIMIT $2[0m  [["key", "environment"], ["LIMIT", 1]]
  [1m[35m (0.1ms)[0m  [1m[35mBEGIN[0m
  [1m[36mActiveRecord::InternalMetadata Create (0.3ms)[0m  [1m[32mINSERT INTO "ar_internal_metadata" ("key", "value", "created_at", "updated_at") VALUES ($1, $2, $3, $4) RETURNING "key"[0m  [["key", "environment"], ["value", "development"], ["created_at", "2018-01-30 18:49:12.022074"], ["updated_at", "2018-01-30 18:49:12.022074"]]
  [1m[35m (0.5ms)[0m  [1m[35mCOMMIT[0m
  [1m[36mActiveRecord::InternalMetadata Load (0.2ms)[0m  [1m[34mSELECT  "ar_internal_metadata".* FROM "ar_internal_metadata" WHERE "ar_internal_metadata"."key" = $1 LIMIT $2[0m  [["key", "environment"], ["LIMIT", 1]]
  [1m[35m (0.2ms)[0m  [1m[35mBEGIN[0m
  [1m[35m (0.1ms)[0m  [1m[35mCOMMIT[0m
  [1m[35mSQL (0.4ms)[0m  [1m[35mCREATE EXTENSION IF NOT EXISTS "plpgsql"[0m
  [1m[35m (0.3ms)[0m  [1m[35mDROP TABLE IF EXISTS "active_storage_attachments" CASCADE[0m
  [1m[35m (11.9ms)[0m  [1m[35mCREATE TABLE "active_storage_attachments" ("id" bigserial primary key, "name" character varying NOT NULL, "record_type" character varying NOT NULL, "record_id" bigint NOT NULL, "blob_id" bigint NOT NULL, "created_at" timestamp NOT NULL)[0m
  [1m[35m (2.0ms)[0m  [1m[35mCREATE  INDEX  "index_active_storage_attachments_on_blob_id" ON "active_storage_attachments"  ("blob_id")[0m
  [1m[35m (10.0ms)[0m  [1m[35mCREATE UNIQUE INDEX  "index_active_storage_attachments_uniqueness" ON "active_storage_attachments"  ("record_type", "record_id", "name", "blob_id")[0m
  [1m[35m (1.1ms)[0m  [1m[35mDROP TABLE IF EXISTS "active_storage_blobs" CASCADE[0m
  [1m[35m (5.9ms)[0m  [1m[35mCREATE TABLE "active_storage_blobs" ("id" bigserial primary key, "key" character varying NOT NULL, "filename" character varying NOT NULL, "content_type" character varying, "metadata" text, "byte_size" bigint NOT NULL, "checksum" character varying NOT NULL, "created_at" timestamp NOT NULL)[0m
  [1m[35m (1.5ms)[0m  [1m[35mCREATE UNIQUE INDEX  "index_active_storage_blobs_on_key" ON "active_storage_blobs"  ("key")[0m
  [1m[35m (0.2ms)[0m  [1m[35mDROP TABLE IF EXISTS "lists" CASCADE[0m
  [1m[35m (8.0ms)[0m  [1m[35mCREATE TABLE "lists" ("id" bigserial primary key, "category" character varying, "created_at" timestamp NOT NULL, "updated_at" timestamp NOT NULL)[0m
  [1m[35m (0.4ms)[0m  [1m[35mDROP TABLE IF EXISTS "subjects" CASCADE[0m
  [1m[35m (5.4ms)[0m  [1m[35mCREATE TABLE "subjects" ("id" bigserial primary key, "name" character varying, "created_at" timestamp NOT NULL, "updated_at" timestamp NOT NULL, "subject_id" integer)[0m
  [1m[35m (5.1ms)[0m  [1m[35mCREATE TABLE "schema_migrations" ("version" character varying NOT NULL PRIMARY KEY)[0m
  [1m[35m (1.3ms)[0m  [1m[34mSELECT "schema_migrations"."version" FROM "schema_migrations" ORDER BY "schema_migrations"."version" ASC[0m
  [1m[35m (1.5ms)[0m  [1m[32mINSERT INTO "schema_migrations" (version) VALUES (20180130183508)[0m
  [1m[35m (1.8ms)[0m  [1m[32mINSERT INTO "schema_migrations" (version) VALUES
(20180130181403),
(20180130181201),
(20180130181738),
(20180130180613);

[0m
  [1m[35m (3.9ms)[0m  [1m[35mCREATE TABLE "ar_internal_metadata" ("key" character varying NOT NULL PRIMARY KEY, "value" character varying, "created_at" timestamp NOT NULL, "updated_at" timestamp NOT NULL)[0m
  [1m[36mActiveRecord::InternalMetadata Load (0.7ms)[0m  [1m[34mSELECT  "ar_internal_metadata".* FROM "ar_internal_metadata" WHERE "ar_internal_metadata"."key" = $1 LIMIT $2[0m  [["key", "environment"], ["LIMIT", 1]]
  [1m[35m (0.3ms)[0m  [1m[35mBEGIN[0m
  [1m[36mActiveRecord::InternalMetadata Create (0.5ms)[0m  [1m[32mINSERT INTO "ar_internal_metadata" ("key", "value", "created_at", "updated_at") VALUES ($1, $2, $3, $4) RETURNING "key"[0m  [["key", "environment"], ["value", "development"], ["created_at", "2018-01-30 18:49:12.159885"], ["updated_at", "2018-01-30 18:49:12.159885"]]
  [1m[35m (0.5ms)[0m  [1m[35mCOMMIT[0m
  [1m[36mActiveRecord::InternalMetadata Load (0.2ms)[0m  [1m[34mSELECT  "ar_internal_metadata".* FROM "ar_internal_metadata" WHERE "ar_internal_metadata"."key" = $1 LIMIT $2[0m  [["key", "environment"], ["LIMIT", 1]]
  [1m[35m (0.1ms)[0m  [1m[35mBEGIN[0m
  [1m[36mActiveRecord::InternalMetadata Update (0.4ms)[0m  [1m[33mUPDATE "ar_internal_metadata" SET "value" = $1, "updated_at" = $2 WHERE "ar_internal_metadata"."key" = $3[0m  [["value", "test"], ["updated_at", "2018-01-30 18:49:12.164670"], ["key", "environment"]]
  [1m[35m (0.4ms)[0m  [1m[35mCOMMIT[0m
  [1m[35m (2.1ms)[0m  [1m[34mSELECT "schema_migrations"."version" FROM "schema_migrations" ORDER BY "schema_migrations"."version" ASC[0m
  [1m[35m (0.2ms)[0m  [1m[35mBEGIN[0m
  [1m[36mList Create (1.8ms)[0m  [1m[32mINSERT INTO "lists" ("category", "created_at", "updated_at") VALUES ($1, $2, $3) RETURNING "id"[0m  [["category", "shopping"], ["created_at", "2018-01-30 18:49:12.233576"], ["updated_at", "2018-01-30 18:49:12.233576"]]
  [1m[35m (2.1ms)[0m  [1m[35mCOMMIT[0m
  [1m[35m (0.3ms)[0m  [1m[35mBEGIN[0m
  [1m[36mList Create (1.1ms)[0m  [1m[32mINSERT INTO "lists" ("category", "created_at", "updated_at") VALUES ($1, $2, $3) RETURNING "id"[0m  [["category", "exercise"], ["created_at", "2018-01-30 18:49:12.239591"], ["updated_at", "2018-01-30 18:49:12.239591"]]
  [1m[35m (0.4ms)[0m  [1m[35mCOMMIT[0m
  [1m[35m (0.2ms)[0m  [1m[35mBEGIN[0m
  [1m[35m (0.2ms)[0m  [1m[31mROLLBACK[0m
  [1m[35m (0.1ms)[0m  [1m[35mBEGIN[0m
  [1m[35m (0.2ms)[0m  [1m[31mROLLBACK[0m
Started GET "/lists" for 127.0.0.1 at 2018-01-30 10:49:27 -0800
  [1m[35m (1.3ms)[0m  [1m[34mSELECT "schema_migrations"."version" FROM "schema_migrations" ORDER BY "schema_migrations"."version" ASC[0m
Processing by ListsController#index as HTML
  [1m[36mList Load (0.9ms)[0m  [1m[34mSELECT "lists".* FROM "lists"[0m
Completed 500 Internal Server Error in 40ms (ActiveRecord: 25.3ms)


  
ActiveRecord::StatementInvalid (PG::UndefinedColumn: ERROR:  column subjects.list_id does not exist
LINE 1: SELECT "subjects".* FROM "subjects" WHERE "subjects"."list_i...
                                                  ^
: SELECT "subjects".* FROM "subjects" WHERE "subjects"."list_id" = $1):
  
app/controllers/lists_controller.rb:8:in `index'
  [1m[35m (0.2ms)[0m  [1m[34mSELECT pg_try_advisory_lock(7785184267534267020)[0m
  [1m[35m (1.7ms)[0m  [1m[34mSELECT "schema_migrations"."version" FROM "schema_migrations" ORDER BY "schema_migrations"."version" ASC[0m
Migrating to ChangeColumnName (20180130185442)
  [1m[35m (0.2ms)[0m  [1m[35mBEGIN[0m
  [1m[35m (24.6ms)[0m  [1m[35mALTER TABLE "subjects" RENAME COLUMN "subject_id" TO "list_id"[0m
  [1m[36mActiveRecord::SchemaMigration Create (0.6ms)[0m  [1m[32mINSERT INTO "schema_migrations" ("version") VALUES ($1) RETURNING "version"[0m  [["version", "20180130185442"]]
  [1m[35m (0.6ms)[0m  [1m[35mCOMMIT[0m
  [1m[36mActiveRecord::InternalMetadata Load (0.5ms)[0m  [1m[34mSELECT  "ar_internal_metadata".* FROM "ar_internal_metadata" WHERE "ar_internal_metadata"."key" = $1 LIMIT $2[0m  [["key", "environment"], ["LIMIT", 1]]
  [1m[35m (0.2ms)[0m  [1m[35mBEGIN[0m
  [1m[35m (0.1ms)[0m  [1m[35mCOMMIT[0m
  [1m[35m (0.2ms)[0m  [1m[34mSELECT pg_advisory_unlock(7785184267534267020)[0m
  [1m[35m (0.2ms)[0m  [1m[34mSELECT "schema_migrations"."version" FROM "schema_migrations" ORDER BY "schema_migrations"."version" ASC[0m
Started GET "/lists" for 127.0.0.1 at 2018-01-30 10:57:09 -0800
  [1m[35m (0.7ms)[0m  [1m[34mSELECT "schema_migrations"."version" FROM "schema_migrations" ORDER BY "schema_migrations"."version" ASC[0m
Processing by ListsController#index as HTML
  [1m[36mList Load (0.5ms)[0m  [1m[34mSELECT "lists".* FROM "lists"[0m
  [1m[36mSubject Load (0.5ms)[0m  [1m[34mSELECT "subjects".* FROM "subjects" WHERE "subjects"."list_id" = $1[0m  [["list_id", 1]]
  [1m[36mSubject Load (0.4ms)[0m  [1m[34mSELECT "subjects".* FROM "subjects" WHERE "subjects"."list_id" = $1[0m  [["list_id", 2]]
Completed 200 OK in 34ms (Views: 0.2ms | ActiveRecord: 16.7ms)


Started GET "/lists" for 127.0.0.1 at 2018-01-30 11:01:56 -0800
  [1m[35m (2.2ms)[0m  [1m[34mSELECT "schema_migrations"."version" FROM "schema_migrations" ORDER BY "schema_migrations"."version" ASC[0m
Processing by ListsController#index as HTML
  [1m[36mList Load (0.7ms)[0m  [1m[34mSELECT "lists".* FROM "lists"[0m
  [1m[36mSubject Load (0.3ms)[0m  [1m[34mSELECT "subjects".* FROM "subjects" WHERE "subjects"."list_id" = $1[0m  [["list_id", 1]]
  [1m[36mSubject Load (0.2ms)[0m  [1m[34mSELECT "subjects".* FROM "subjects" WHERE "subjects"."list_id" = $1[0m  [["list_id", 2]]
Completed 200 OK in 36ms (Views: 0.1ms | ActiveRecord: 15.7ms)


Started GET "/lists" for 127.0.0.1 at 2018-01-30 11:03:18 -0800
  [1m[35m (0.8ms)[0m  [1m[34mSELECT "schema_migrations"."version" FROM "schema_migrations" ORDER BY "schema_migrations"."version" ASC[0m
Processing by ListsController#index as HTML
  [1m[36mList Load (0.6ms)[0m  [1m[34mSELECT "lists".* FROM "lists"[0m
  [1m[36mSubject Load (0.4ms)[0m  [1m[34mSELECT "subjects".* FROM "subjects" WHERE "subjects"."list_id" = $1[0m  [["list_id", 1]]
  [1m[36mSubject Load (0.4ms)[0m  [1m[34mSELECT "subjects".* FROM "subjects" WHERE "subjects"."list_id" = $1[0m  [["list_id", 2]]
Completed 200 OK in 38ms (Views: 0.1ms | ActiveRecord: 19.1ms)


Started GET "/lists/1" for 127.0.0.1 at 2018-01-30 11:11:47 -0800
  [1m[35m (1.1ms)[0m  [1m[34mSELECT "schema_migrations"."version" FROM "schema_migrations" ORDER BY "schema_migrations"."version" ASC[0m
Processing by ListsController#show as */*
  Parameters: {"id"=>"1"}
  [1m[36mList Load (0.3ms)[0m  [1m[34mSELECT  "lists".* FROM "lists" WHERE "lists"."id" = $1 LIMIT $2[0m  [["id", 1], ["LIMIT", 1]]
  [1m[36mSubject Load (0.4ms)[0m  [1m[34mSELECT "subjects".* FROM "subjects" WHERE "subjects"."list_id" = $1[0m  [["list_id", 1]]
Completed 200 OK in 23ms (Views: 0.2ms | ActiveRecord: 10.7ms)


Started GET "/lists/1" for 127.0.0.1 at 2018-01-30 11:13:06 -0800
Processing by ListsController#show as */*
  Parameters: {"id"=>"1"}
  [1m[36mList Load (0.3ms)[0m  [1m[34mSELECT  "lists".* FROM "lists" WHERE "lists"."id" = $1 LIMIT $2[0m  [["id", 1], ["LIMIT", 1]]
  [1m[36mSubject Load (0.2ms)[0m  [1m[34mSELECT "subjects".* FROM "subjects" WHERE "subjects"."list_id" = $1[0m  [["list_id", 1]]
Completed 200 OK in 6ms (Views: 0.1ms | ActiveRecord: 0.5ms)


Started PATCH "/lists/1" for 127.0.0.1 at 2018-01-30 11:14:03 -0800
Processing by ListsController#update as */*
  Parameters: {"list"=>{"category"=>"packing"}, "id"=>"1"}
  [1m[36mList Load (0.3ms)[0m  [1m[34mSELECT  "lists".* FROM "lists" WHERE "lists"."id" = $1 LIMIT $2[0m  [["id", 1], ["LIMIT", 1]]
  [1m[35m (0.1ms)[0m  [1m[35mBEGIN[0m
  [1m[36mList Update (0.4ms)[0m  [1m[33mUPDATE "lists" SET "category" = $1, "updated_at" = $2 WHERE "lists"."id" = $3[0m  [["category", "packing"], ["updated_at", "2018-01-30 19:14:03.160240"], ["id", 1]]
  [1m[35m (5.7ms)[0m  [1m[35mCOMMIT[0m
Completed 200 OK in 10ms (Views: 0.3ms | ActiveRecord: 6.5ms)


Started DELETE "/lists/1" for 127.0.0.1 at 2018-01-30 11:14:30 -0800
Processing by ListsController#destroy as */*
  Parameters: {"list"=>{"category"=>"packing"}, "id"=>"1"}
  [1m[36mList Load (0.3ms)[0m  [1m[34mSELECT  "lists".* FROM "lists" WHERE "lists"."id" = $1 LIMIT $2[0m  [["id", 1], ["LIMIT", 1]]
  [1m[35m (0.1ms)[0m  [1m[35mBEGIN[0m
  [1m[36mList Destroy (0.3ms)[0m  [1m[31mDELETE FROM "lists" WHERE "lists"."id" = $1[0m  [["id", 1]]
  [1m[35m (5.5ms)[0m  [1m[35mCOMMIT[0m
Completed 204 No Content in 8ms (ActiveRecord: 6.2ms)


  [1m[35m (0.9ms)[0m  [1m[34mSELECT "schema_migrations"."version" FROM "schema_migrations" ORDER BY "schema_migrations"."version" ASC[0m
  [1m[35m (0.1ms)[0m  [1m[35mBEGIN[0m
  [1m[36mList Create (0.6ms)[0m  [1m[32mINSERT INTO "lists" ("category", "created_at", "updated_at") VALUES ($1, $2, $3) RETURNING "id"[0m  [["category", "shopping"], ["created_at", "2018-01-30 19:19:10.246400"], ["updated_at", "2018-01-30 19:19:10.246400"]]
  [1m[35m (5.5ms)[0m  [1m[35mCOMMIT[0m
  [1m[35m (0.2ms)[0m  [1m[35mBEGIN[0m
  [1m[36mList Create (0.5ms)[0m  [1m[32mINSERT INTO "lists" ("category", "created_at", "updated_at") VALUES ($1, $2, $3) RETURNING "id"[0m  [["category", "exercise"], ["created_at", "2018-01-30 19:19:10.254245"], ["updated_at", "2018-01-30 19:19:10.254245"]]
  [1m[35m (0.5ms)[0m  [1m[35mCOMMIT[0m
  [1m[35m (0.7ms)[0m  [1m[35mBEGIN[0m
  [1m[35m (0.1ms)[0m  [1m[31mROLLBACK[0m
  [1m[35m (0.1ms)[0m  [1m[35mBEGIN[0m
  [1m[35m (0.1ms)[0m  [1m[31mROLLBACK[0m
Started GET "/lists" for 127.0.0.1 at 2018-01-30 11:36:44 -0800
  [1m[35m (0.8ms)[0m  [1m[34mSELECT "schema_migrations"."version" FROM "schema_migrations" ORDER BY "schema_migrations"."version" ASC[0m
Processing by ListsController#index as */*
  [1m[36mList Load (0.8ms)[0m  [1m[34mSELECT "lists".* FROM "lists"[0m
  [1m[36mSubject Load (0.3ms)[0m  [1m[34mSELECT "subjects".* FROM "subjects" WHERE "subjects"."list_id" = $1[0m  [["list_id", 2]]
  [1m[36mSubject Load (0.2ms)[0m  [1m[34mSELECT "subjects".* FROM "subjects" WHERE "subjects"."list_id" = $1[0m  [["list_id", 3]]
  [1m[36mSubject Load (0.4ms)[0m  [1m[34mSELECT "subjects".* FROM "subjects" WHERE "subjects"."list_id" = $1[0m  [["list_id", 4]]
Completed 200 OK in 26ms (Views: 0.3ms | ActiveRecord: 8.9ms)


Started GET "/lists" for 127.0.0.1 at 2018-01-30 11:41:59 -0800
  
SyntaxError (/Users/mandytong/Desktop/dev/everything3_app_api/app/controllers/lists_controller.rb:33: unknown regexp options - PUT):
  
app/controllers/lists_controller.rb:33: unknown regexp options - PUT
Started POST "/lists" for 127.0.0.1 at 2018-01-30 11:44:07 -0800
  
SyntaxError (/Users/mandytong/Desktop/dev/everything3_app_api/app/controllers/lists_controller.rb:33: unknown regexp options - PUT):
  
app/controllers/lists_controller.rb:33: unknown regexp options - PUT
Started POST "/lists" for 127.0.0.1 at 2018-01-30 11:46:25 -0800
  
SyntaxError (/Users/mandytong/Desktop/dev/everything3_app_api/app/controllers/lists_controller.rb:26: unknown regexp options - PUT):
  
app/controllers/lists_controller.rb:26: unknown regexp options - PUT
Started POST "/lists" for 127.0.0.1 at 2018-01-30 11:48:31 -0800
  
SyntaxError (/Users/mandytong/Desktop/dev/everything3_app_api/app/controllers/lists_controller.rb:35: unknown regexp options - lt):
  
app/controllers/lists_controller.rb:35: unknown regexp options - lt
Started POST "/lists" for 127.0.0.1 at 2018-01-30 11:49:35 -0800
Processing by ListsController#create as */*
  Parameters: {"list"=>{"category"=>"packing"}}
  [1m[35m (0.2ms)[0m  [1m[35mBEGIN[0m
  [1m[36mList Create (0.5ms)[0m  [1m[32mINSERT INTO "lists" ("category", "created_at", "updated_at") VALUES ($1, $2, $3) RETURNING "id"[0m  [["category", "packing"], ["created_at", "2018-01-30 19:49:35.949002"], ["updated_at", "2018-01-30 19:49:35.949002"]]
  [1m[35m (5.9ms)[0m  [1m[35mCOMMIT[0m
Completed 201 Created in 25ms (Views: 0.7ms | ActiveRecord: 14.8ms)


Started POST "/lists" for 127.0.0.1 at 2018-01-30 11:54:21 -0800
Processing by ListsController#create as */*
  Parameters: {"list"=>{"category"=>"packing"}}
  [1m[35m (0.2ms)[0m  [1m[35mBEGIN[0m
  [1m[36mList Create (0.4ms)[0m  [1m[32mINSERT INTO "lists" ("category", "created_at", "updated_at") VALUES ($1, $2, $3) RETURNING "id"[0m  [["category", "packing"], ["created_at", "2018-01-30 19:54:21.398287"], ["updated_at", "2018-01-30 19:54:21.398287"]]
  [1m[35m (6.1ms)[0m  [1m[35mCOMMIT[0m
Completed 201 Created in 11ms (Views: 0.5ms | ActiveRecord: 6.7ms)


Started GET "/lists" for 127.0.0.1 at 2018-01-30 11:54:49 -0800
Processing by ListsController#index as */*
  [1m[36mList Load (0.3ms)[0m  [1m[34mSELECT "lists".* FROM "lists"[0m
  [1m[36mSubject Load (0.3ms)[0m  [1m[34mSELECT "subjects".* FROM "subjects" WHERE "subjects"."list_id" = $1[0m  [["list_id", 2]]
  [1m[36mSubject Load (0.3ms)[0m  [1m[34mSELECT "subjects".* FROM "subjects" WHERE "subjects"."list_id" = $1[0m  [["list_id", 3]]
  [1m[36mSubject Load (0.3ms)[0m  [1m[34mSELECT "subjects".* FROM "subjects" WHERE "subjects"."list_id" = $1[0m  [["list_id", 4]]
  [1m[36mSubject Load (0.1ms)[0m  [1m[34mSELECT "subjects".* FROM "subjects" WHERE "subjects"."list_id" = $1[0m  [["list_id", 5]]
  [1m[36mSubject Load (0.1ms)[0m  [1m[34mSELECT "subjects".* FROM "subjects" WHERE "subjects"."list_id" = $1[0m  [["list_id", 6]]
Completed 200 OK in 21ms (Views: 0.1ms | ActiveRecord: 3.2ms)


Started PUT "/lists/2" for 127.0.0.1 at 2018-01-30 11:55:15 -0800
Processing by ListsController#update as */*
  Parameters: {"list"=>{"category"=>"resturants"}, "id"=>"2"}
  [1m[36mList Load (4.0ms)[0m  [1m[34mSELECT  "lists".* FROM "lists" WHERE "lists"."id" = $1 LIMIT $2[0m  [["id", 2], ["LIMIT", 1]]
  [1m[35m (0.1ms)[0m  [1m[35mBEGIN[0m
  [1m[36mList Update (0.4ms)[0m  [1m[33mUPDATE "lists" SET "category" = $1, "updated_at" = $2 WHERE "lists"."id" = $3[0m  [["category", "resturants"], ["updated_at", "2018-01-30 19:55:15.993926"], ["id", 2]]
  [1m[35m (0.4ms)[0m  [1m[35mCOMMIT[0m
Completed 200 OK in 9ms (Views: 0.3ms | ActiveRecord: 5.0ms)


Started PUT "/list/2/subjects" for 127.0.0.1 at 2018-01-30 12:00:39 -0800
  
ActionController::RoutingError (No route matches [PUT] "/list/2/subjects"):
  
actionpack (5.2.0.beta2) lib/action_dispatch/middleware/debug_exceptions.rb:65:in `call'
actionpack (5.2.0.beta2) lib/action_dispatch/middleware/show_exceptions.rb:33:in `call'
railties (5.2.0.beta2) lib/rails/rack/logger.rb:38:in `call_app'
railties (5.2.0.beta2) lib/rails/rack/logger.rb:26:in `block in call'
activesupport (5.2.0.beta2) lib/active_support/tagged_logging.rb:71:in `block in tagged'
activesupport (5.2.0.beta2) lib/active_support/tagged_logging.rb:28:in `tagged'
activesupport (5.2.0.beta2) lib/active_support/tagged_logging.rb:71:in `tagged'
railties (5.2.0.beta2) lib/rails/rack/logger.rb:26:in `call'
actionpack (5.2.0.beta2) lib/action_dispatch/middleware/remote_ip.rb:81:in `call'
actionpack (5.2.0.beta2) lib/action_dispatch/middleware/request_id.rb:27:in `call'
rack (2.0.3) lib/rack/runtime.rb:22:in `call'
activesupport (5.2.0.beta2) lib/active_support/cache/strategy/local_cache_middleware.rb:29:in `call'
actionpack (5.2.0.beta2) lib/action_dispatch/middleware/executor.rb:14:in `call'
actionpack (5.2.0.beta2) lib/action_dispatch/middleware/static.rb:127:in `call'
rack (2.0.3) lib/rack/sendfile.rb:111:in `call'
railties (5.2.0.beta2) lib/rails/engine.rb:524:in `call'
puma (3.11.2) lib/puma/configuration.rb:225:in `call'
puma (3.11.2) lib/puma/server.rb:624:in `handle_request'
puma (3.11.2) lib/puma/server.rb:438:in `process_client'
puma (3.11.2) lib/puma/server.rb:302:in `block in run'
puma (3.11.2) lib/puma/thread_pool.rb:120:in `block in spawn_thread'
Started PUT "/lists/2/subjects" for 127.0.0.1 at 2018-01-30 12:00:54 -0800
  
ActionController::RoutingError (No route matches [PUT] "/lists/2/subjects"):
  
actionpack (5.2.0.beta2) lib/action_dispatch/middleware/debug_exceptions.rb:65:in `call'
actionpack (5.2.0.beta2) lib/action_dispatch/middleware/show_exceptions.rb:33:in `call'
railties (5.2.0.beta2) lib/rails/rack/logger.rb:38:in `call_app'
railties (5.2.0.beta2) lib/rails/rack/logger.rb:26:in `block in call'
activesupport (5.2.0.beta2) lib/active_support/tagged_logging.rb:71:in `block in tagged'
activesupport (5.2.0.beta2) lib/active_support/tagged_logging.rb:28:in `tagged'
activesupport (5.2.0.beta2) lib/active_support/tagged_logging.rb:71:in `tagged'
railties (5.2.0.beta2) lib/rails/rack/logger.rb:26:in `call'
actionpack (5.2.0.beta2) lib/action_dispatch/middleware/remote_ip.rb:81:in `call'
actionpack (5.2.0.beta2) lib/action_dispatch/middleware/request_id.rb:27:in `call'
rack (2.0.3) lib/rack/runtime.rb:22:in `call'
activesupport (5.2.0.beta2) lib/active_support/cache/strategy/local_cache_middleware.rb:29:in `call'
actionpack (5.2.0.beta2) lib/action_dispatch/middleware/executor.rb:14:in `call'
actionpack (5.2.0.beta2) lib/action_dispatch/middleware/static.rb:127:in `call'
rack (2.0.3) lib/rack/sendfile.rb:111:in `call'
railties (5.2.0.beta2) lib/rails/engine.rb:524:in `call'
puma (3.11.2) lib/puma/configuration.rb:225:in `call'
puma (3.11.2) lib/puma/server.rb:624:in `handle_request'
puma (3.11.2) lib/puma/server.rb:438:in `process_client'
puma (3.11.2) lib/puma/server.rb:302:in `block in run'
puma (3.11.2) lib/puma/thread_pool.rb:120:in `block in spawn_thread'
Started PUT "/lists/2/subjects" for 127.0.0.1 at 2018-01-30 12:01:38 -0800
  
ActionController::RoutingError (No route matches [PUT] "/lists/2/subjects"):
  
actionpack (5.2.0.beta2) lib/action_dispatch/middleware/debug_exceptions.rb:65:in `call'
actionpack (5.2.0.beta2) lib/action_dispatch/middleware/show_exceptions.rb:33:in `call'
railties (5.2.0.beta2) lib/rails/rack/logger.rb:38:in `call_app'
railties (5.2.0.beta2) lib/rails/rack/logger.rb:26:in `block in call'
activesupport (5.2.0.beta2) lib/active_support/tagged_logging.rb:71:in `block in tagged'
activesupport (5.2.0.beta2) lib/active_support/tagged_logging.rb:28:in `tagged'
activesupport (5.2.0.beta2) lib/active_support/tagged_logging.rb:71:in `tagged'
railties (5.2.0.beta2) lib/rails/rack/logger.rb:26:in `call'
actionpack (5.2.0.beta2) lib/action_dispatch/middleware/remote_ip.rb:81:in `call'
actionpack (5.2.0.beta2) lib/action_dispatch/middleware/request_id.rb:27:in `call'
rack (2.0.3) lib/rack/runtime.rb:22:in `call'
activesupport (5.2.0.beta2) lib/active_support/cache/strategy/local_cache_middleware.rb:29:in `call'
actionpack (5.2.0.beta2) lib/action_dispatch/middleware/executor.rb:14:in `call'
actionpack (5.2.0.beta2) lib/action_dispatch/middleware/static.rb:127:in `call'
rack (2.0.3) lib/rack/sendfile.rb:111:in `call'
railties (5.2.0.beta2) lib/rails/engine.rb:524:in `call'
puma (3.11.2) lib/puma/configuration.rb:225:in `call'
puma (3.11.2) lib/puma/server.rb:624:in `handle_request'
puma (3.11.2) lib/puma/server.rb:438:in `process_client'
puma (3.11.2) lib/puma/server.rb:302:in `block in run'
puma (3.11.2) lib/puma/thread_pool.rb:120:in `block in spawn_thread'
Started POST "/lists/2/subjects" for 127.0.0.1 at 2018-01-30 12:02:20 -0800
Processing by SubjectsController#create as */*
  Parameters: {"subject"=>{"name"=>"alinea"}, "list_id"=>"2"}
  [1m[35m (0.2ms)[0m  [1m[35mBEGIN[0m
  [1m[36mList Load (0.4ms)[0m  [1m[34mSELECT  "lists".* FROM "lists" WHERE "lists"."id" = $1 LIMIT $2[0m  [["id", 2], ["LIMIT", 1]]
  [1m[36mSubject Create (0.9ms)[0m  [1m[32mINSERT INTO "subjects" ("name", "created_at", "updated_at", "list_id") VALUES ($1, $2, $3, $4) RETURNING "id"[0m  [["name", "alinea"], ["created_at", "2018-01-30 20:02:20.577518"], ["updated_at", "2018-01-30 20:02:20.577518"], ["list_id", 2]]
  [1m[35m (1.4ms)[0m  [1m[35mCOMMIT[0m
Completed 201 Created in 49ms (Views: 0.6ms | ActiveRecord: 31.7ms)


Started GET "/lists/2/subjects" for 127.0.0.1 at 2018-01-30 12:02:29 -0800
Processing by SubjectsController#index as */*
  Parameters: {"list_id"=>"2"}
  [1m[36mSubject Load (0.4ms)[0m  [1m[34mSELECT "subjects".* FROM "subjects"[0m
Completed 200 OK in 11ms (Views: 10.2ms | ActiveRecord: 0.4ms)


Started GET "/lists/" for 127.0.0.1 at 2018-01-30 12:02:33 -0800
Processing by ListsController#index as */*
  [1m[36mList Load (3.5ms)[0m  [1m[34mSELECT "lists".* FROM "lists"[0m
  [1m[36mSubject Load (0.2ms)[0m  [1m[34mSELECT "subjects".* FROM "subjects" WHERE "subjects"."list_id" = $1[0m  [["list_id", 3]]
  [1m[36mSubject Load (0.3ms)[0m  [1m[34mSELECT "subjects".* FROM "subjects" WHERE "subjects"."list_id" = $1[0m  [["list_id", 4]]
  [1m[36mSubject Load (0.7ms)[0m  [1m[34mSELECT "subjects".* FROM "subjects" WHERE "subjects"."list_id" = $1[0m  [["list_id", 5]]
  [1m[36mSubject Load (0.5ms)[0m  [1m[34mSELECT "subjects".* FROM "subjects" WHERE "subjects"."list_id" = $1[0m  [["list_id", 6]]
  [1m[36mSubject Load (8.6ms)[0m  [1m[34mSELECT "subjects".* FROM "subjects" WHERE "subjects"."list_id" = $1[0m  [["list_id", 2]]
Completed 200 OK in 24ms (Views: 0.2ms | ActiveRecord: 13.8ms)


Started GET "/lists/1" for 127.0.0.1 at 2018-01-30 12:04:57 -0800
  [1m[35m (0.8ms)[0m  [1m[34mSELECT "schema_migrations"."version" FROM "schema_migrations" ORDER BY "schema_migrations"."version" ASC[0m
Processing by ListsController#show as HTML
  Parameters: {"id"=>"1"}
  [1m[36mList Load (0.4ms)[0m  [1m[34mSELECT  "lists".* FROM "lists" WHERE "lists"."id" = $1 LIMIT $2[0m  [["id", 1], ["LIMIT", 1]]
Completed 404 Not Found in 14ms (ActiveRecord: 7.7ms)


  
ActiveRecord::RecordNotFound (Couldn't find List with 'id'=1):
  
app/controllers/lists_controller.rb:43:in `set_list'
Started GET "/lists/2" for 127.0.0.1 at 2018-01-30 12:05:19 -0800
Processing by ListsController#show as HTML
  Parameters: {"id"=>"2"}
  [1m[36mList Load (0.3ms)[0m  [1m[34mSELECT  "lists".* FROM "lists" WHERE "lists"."id" = $1 LIMIT $2[0m  [["id", 2], ["LIMIT", 1]]
  [1m[36mSubject Load (0.3ms)[0m  [1m[34mSELECT "subjects".* FROM "subjects" WHERE "subjects"."list_id" = $1[0m  [["list_id", 2]]
Completed 200 OK in 30ms (Views: 0.5ms | ActiveRecord: 4.7ms)


Started GET "/lists" for 127.0.0.1 at 2018-01-30 12:10:57 -0800
Processing by ListsController#index as HTML
  [1m[36mList Load (0.7ms)[0m  [1m[34mSELECT "lists".* FROM "lists"[0m
  [1m[36mSubject Load (0.9ms)[0m  [1m[34mSELECT "subjects".* FROM "subjects" WHERE "subjects"."list_id" = $1[0m  [["list_id", 3]]
  [1m[36mSubject Load (0.9ms)[0m  [1m[34mSELECT "subjects".* FROM "subjects" WHERE "subjects"."list_id" = $1[0m  [["list_id", 4]]
  [1m[36mSubject Load (1.4ms)[0m  [1m[34mSELECT "subjects".* FROM "subjects" WHERE "subjects"."list_id" = $1[0m  [["list_id", 5]]
  [1m[36mSubject Load (3.6ms)[0m  [1m[34mSELECT "subjects".* FROM "subjects" WHERE "subjects"."list_id" = $1[0m  [["list_id", 6]]
  [1m[36mSubject Load (0.8ms)[0m  [1m[34mSELECT "subjects".* FROM "subjects" WHERE "subjects"."list_id" = $1[0m  [["list_id", 2]]
Completed 200 OK in 43ms (Views: 0.1ms | ActiveRecord: 22.7ms)


Started GET "/lists" for 127.0.0.1 at 2018-01-30 12:12:59 -0800
Processing by ListsController#index as HTML
  [1m[36mList Load (0.3ms)[0m  [1m[34mSELECT "lists".* FROM "lists"[0m
  [1m[36mSubject Load (0.3ms)[0m  [1m[34mSELECT "subjects".* FROM "subjects" WHERE "subjects"."list_id" = $1[0m  [["list_id", 3]]
  [1m[36mSubject Load (0.1ms)[0m  [1m[34mSELECT "subjects".* FROM "subjects" WHERE "subjects"."list_id" = $1[0m  [["list_id", 4]]
  [1m[36mSubject Load (0.1ms)[0m  [1m[34mSELECT "subjects".* FROM "subjects" WHERE "subjects"."list_id" = $1[0m  [["list_id", 5]]
  [1m[36mSubject Load (0.2ms)[0m  [1m[34mSELECT "subjects".* FROM "subjects" WHERE "subjects"."list_id" = $1[0m  [["list_id", 6]]
  [1m[36mSubject Load (0.1ms)[0m  [1m[34mSELECT "subjects".* FROM "subjects" WHERE "subjects"."list_id" = $1[0m  [["list_id", 2]]
Completed 200 OK in 10ms (Views: 0.1ms | ActiveRecord: 1.2ms)


Started GET "/lists" for 127.0.0.1 at 2018-01-30 13:19:11 -0800
Processing by ListsController#index as HTML
  [1m[36mList Load (0.7ms)[0m  [1m[34mSELECT "lists".* FROM "lists"[0m
  [1m[36mSubject Load (0.9ms)[0m  [1m[34mSELECT "subjects".* FROM "subjects" WHERE "subjects"."list_id" = $1[0m  [["list_id", 3]]
  [1m[36mSubject Load (0.5ms)[0m  [1m[34mSELECT "subjects".* FROM "subjects" WHERE "subjects"."list_id" = $1[0m  [["list_id", 4]]
  [1m[36mSubject Load (0.4ms)[0m  [1m[34mSELECT "subjects".* FROM "subjects" WHERE "subjects"."list_id" = $1[0m  [["list_id", 5]]
  [1m[36mSubject Load (0.3ms)[0m  [1m[34mSELECT "subjects".* FROM "subjects" WHERE "subjects"."list_id" = $1[0m  [["list_id", 6]]
  [1m[36mSubject Load (0.9ms)[0m  [1m[34mSELECT "subjects".* FROM "subjects" WHERE "subjects"."list_id" = $1[0m  [["list_id", 2]]
Completed 200 OK in 35ms (Views: 0.1ms | ActiveRecord: 18.0ms)


Started POST "/lists" for 127.0.0.1 at 2018-01-30 13:19:35 -0800
Processing by ListsController#create as HTML
  Parameters: {"category"=>"Movies", "list"=>{"category"=>"Movies"}}
  [1m[35m (0.3ms)[0m  [1m[35mBEGIN[0m
  [1m[36mList Create (0.8ms)[0m  [1m[32mINSERT INTO "lists" ("category", "created_at", "updated_at") VALUES ($1, $2, $3) RETURNING "id"[0m  [["category", "Movies"], ["created_at", "2018-01-30 21:19:35.219522"], ["updated_at", "2018-01-30 21:19:35.219522"]]
  [1m[35m (6.4ms)[0m  [1m[35mCOMMIT[0m
Completed 201 Created in 12ms (Views: 0.8ms | ActiveRecord: 7.4ms)


Started DELETE "/lists/7" for 127.0.0.1 at 2018-01-30 13:19:47 -0800
Processing by ListsController#destroy as HTML
  Parameters: {"id"=>"7"}
  [1m[36mList Load (0.4ms)[0m  [1m[34mSELECT  "lists".* FROM "lists" WHERE "lists"."id" = $1 LIMIT $2[0m  [["id", 7], ["LIMIT", 1]]
  [1m[35m (0.1ms)[0m  [1m[35mBEGIN[0m
  [1m[36mList Destroy (0.3ms)[0m  [1m[31mDELETE FROM "lists" WHERE "lists"."id" = $1[0m  [["id", 7]]
  [1m[35m (7.4ms)[0m  [1m[35mCOMMIT[0m
Completed 204 No Content in 11ms (ActiveRecord: 8.2ms)


Started GET "/lists" for 127.0.0.1 at 2018-01-30 13:19:47 -0800
Processing by ListsController#index as HTML
  [1m[36mList Load (0.3ms)[0m  [1m[34mSELECT "lists".* FROM "lists"[0m
  [1m[36mSubject Load (0.4ms)[0m  [1m[34mSELECT "subjects".* FROM "subjects" WHERE "subjects"."list_id" = $1[0m  [["list_id", 3]]
  [1m[36mSubject Load (0.3ms)[0m  [1m[34mSELECT "subjects".* FROM "subjects" WHERE "subjects"."list_id" = $1[0m  [["list_id", 4]]
  [1m[36mSubject Load (0.1ms)[0m  [1m[34mSELECT "subjects".* FROM "subjects" WHERE "subjects"."list_id" = $1[0m  [["list_id", 5]]
  [1m[36mSubject Load (0.2ms)[0m  [1m[34mSELECT "subjects".* FROM "subjects" WHERE "subjects"."list_id" = $1[0m  [["list_id", 6]]
  [1m[36mSubject Load (0.2ms)[0m  [1m[34mSELECT "subjects".* FROM "subjects" WHERE "subjects"."list_id" = $1[0m  [["list_id", 2]]
Completed 200 OK in 7ms (Views: 0.1ms | ActiveRecord: 1.5ms)


Started DELETE "/lists/2" for 127.0.0.1 at 2018-01-30 13:19:56 -0800
Processing by ListsController#destroy as HTML
  Parameters: {"id"=>"2"}
  [1m[36mList Load (0.2ms)[0m  [1m[34mSELECT  "lists".* FROM "lists" WHERE "lists"."id" = $1 LIMIT $2[0m  [["id", 2], ["LIMIT", 1]]
  [1m[35m (0.1ms)[0m  [1m[35mBEGIN[0m
  [1m[36mList Destroy (0.2ms)[0m  [1m[31mDELETE FROM "lists" WHERE "lists"."id" = $1[0m  [["id", 2]]
  [1m[35m (5.8ms)[0m  [1m[35mCOMMIT[0m
Completed 204 No Content in 8ms (ActiveRecord: 6.3ms)


Started GET "/lists" for 127.0.0.1 at 2018-01-30 13:19:56 -0800
Processing by ListsController#index as HTML
  [1m[36mList Load (0.2ms)[0m  [1m[34mSELECT "lists".* FROM "lists"[0m
  [1m[36mSubject Load (0.3ms)[0m  [1m[34mSELECT "subjects".* FROM "subjects" WHERE "subjects"."list_id" = $1[0m  [["list_id", 3]]
  [1m[36mSubject Load (0.3ms)[0m  [1m[34mSELECT "subjects".* FROM "subjects" WHERE "subjects"."list_id" = $1[0m  [["list_id", 4]]
  [1m[36mSubject Load (0.2ms)[0m  [1m[34mSELECT "subjects".* FROM "subjects" WHERE "subjects"."list_id" = $1[0m  [["list_id", 5]]
  [1m[36mSubject Load (0.3ms)[0m  [1m[34mSELECT "subjects".* FROM "subjects" WHERE "subjects"."list_id" = $1[0m  [["list_id", 6]]
Completed 200 OK in 9ms (Views: 0.1ms | ActiveRecord: 1.3ms)


Started PUT "/lists/6" for 127.0.0.1 at 2018-01-30 13:20:16 -0800
Processing by ListsController#update as HTML
  Parameters: {"category"=>"jogging", "id"=>"6", "list"=>{"category"=>"jogging"}}
  [1m[36mList Load (0.2ms)[0m  [1m[34mSELECT  "lists".* FROM "lists" WHERE "lists"."id" = $1 LIMIT $2[0m  [["id", 6], ["LIMIT", 1]]
  [1m[35m (0.1ms)[0m  [1m[35mBEGIN[0m
  [1m[36mList Update (0.4ms)[0m  [1m[33mUPDATE "lists" SET "category" = $1, "updated_at" = $2 WHERE "lists"."id" = $3[0m  [["category", "jogging"], ["updated_at", "2018-01-30 21:20:16.191924"], ["id", 6]]
  [1m[35m (6.4ms)[0m  [1m[35mCOMMIT[0m
Completed 200 OK in 10ms (Views: 0.3ms | ActiveRecord: 7.2ms)


Started GET "/lists" for 127.0.0.1 at 2018-01-30 13:20:16 -0800
Processing by ListsController#index as HTML
  [1m[36mList Load (5.3ms)[0m  [1m[34mSELECT "lists".* FROM "lists"[0m
  [1m[36mSubject Load (0.3ms)[0m  [1m[34mSELECT "subjects".* FROM "subjects" WHERE "subjects"."list_id" = $1[0m  [["list_id", 3]]
  [1m[36mSubject Load (0.3ms)[0m  [1m[34mSELECT "subjects".* FROM "subjects" WHERE "subjects"."list_id" = $1[0m  [["list_id", 4]]
  [1m[36mSubject Load (0.2ms)[0m  [1m[34mSELECT "subjects".* FROM "subjects" WHERE "subjects"."list_id" = $1[0m  [["list_id", 5]]
  [1m[36mSubject Load (0.2ms)[0m  [1m[34mSELECT "subjects".* FROM "subjects" WHERE "subjects"."list_id" = $1[0m  [["list_id", 6]]
Completed 200 OK in 48ms (Views: 0.2ms | ActiveRecord: 6.2ms)


Started GET "/lists" for 127.0.0.1 at 2018-01-30 13:24:47 -0800
Processing by ListsController#index as HTML
  [1m[36mList Load (0.3ms)[0m  [1m[34mSELECT "lists".* FROM "lists"[0m
  [1m[36mSubject Load (0.2ms)[0m  [1m[34mSELECT "subjects".* FROM "subjects" WHERE "subjects"."list_id" = $1[0m  [["list_id", 3]]
  [1m[36mSubject Load (0.1ms)[0m  [1m[34mSELECT "subjects".* FROM "subjects" WHERE "subjects"."list_id" = $1[0m  [["list_id", 4]]
  [1m[36mSubject Load (0.2ms)[0m  [1m[34mSELECT "subjects".* FROM "subjects" WHERE "subjects"."list_id" = $1[0m  [["list_id", 5]]
  [1m[36mSubject Load (0.1ms)[0m  [1m[34mSELECT "subjects".* FROM "subjects" WHERE "subjects"."list_id" = $1[0m  [["list_id", 6]]
Completed 200 OK in 5ms (Views: 0.1ms | ActiveRecord: 0.9ms)


Started DELETE "/lists/6" for 127.0.0.1 at 2018-01-30 13:25:04 -0800
Processing by ListsController#destroy as HTML
  Parameters: {"id"=>"6"}
  [1m[36mList Load (0.3ms)[0m  [1m[34mSELECT  "lists".* FROM "lists" WHERE "lists"."id" = $1 LIMIT $2[0m  [["id", 6], ["LIMIT", 1]]
  [1m[35m (0.1ms)[0m  [1m[35mBEGIN[0m
  [1m[36mList Destroy (0.4ms)[0m  [1m[31mDELETE FROM "lists" WHERE "lists"."id" = $1[0m  [["id", 6]]
  [1m[35m (6.8ms)[0m  [1m[35mCOMMIT[0m
Completed 204 No Content in 10ms (ActiveRecord: 7.6ms)


Started GET "/lists" for 127.0.0.1 at 2018-01-30 13:25:04 -0800
Processing by ListsController#index as HTML
  [1m[36mList Load (0.3ms)[0m  [1m[34mSELECT "lists".* FROM "lists"[0m
  [1m[36mSubject Load (0.1ms)[0m  [1m[34mSELECT "subjects".* FROM "subjects" WHERE "subjects"."list_id" = $1[0m  [["list_id", 3]]
  [1m[36mSubject Load (0.1ms)[0m  [1m[34mSELECT "subjects".* FROM "subjects" WHERE "subjects"."list_id" = $1[0m  [["list_id", 4]]
  [1m[36mSubject Load (0.2ms)[0m  [1m[34mSELECT "subjects".* FROM "subjects" WHERE "subjects"."list_id" = $1[0m  [["list_id", 5]]
Completed 200 OK in 4ms (Views: 0.1ms | ActiveRecord: 0.7ms)


Started GET "/lists" for 127.0.0.1 at 2018-01-30 13:25:17 -0800
Processing by ListsController#index as HTML
  [1m[36mList Load (1.7ms)[0m  [1m[34mSELECT "lists".* FROM "lists"[0m
  [1m[36mSubject Load (0.9ms)[0m  [1m[34mSELECT "subjects".* FROM "subjects" WHERE "subjects"."list_id" = $1[0m  [["list_id", 3]]
  [1m[36mSubject Load (0.3ms)[0m  [1m[34mSELECT "subjects".* FROM "subjects" WHERE "subjects"."list_id" = $1[0m  [["list_id", 4]]
  [1m[36mSubject Load (0.2ms)[0m  [1m[34mSELECT "subjects".* FROM "subjects" WHERE "subjects"."list_id" = $1[0m  [["list_id", 5]]
Completed 200 OK in 12ms (Views: 0.1ms | ActiveRecord: 3.0ms)


Started PUT "/lists/3" for 127.0.0.1 at 2018-01-30 13:25:35 -0800
Processing by ListsController#update as HTML
  Parameters: {"category"=>"adsf", "id"=>"3", "list"=>{"category"=>"adsf"}}
  [1m[36mList Load (0.2ms)[0m  [1m[34mSELECT  "lists".* FROM "lists" WHERE "lists"."id" = $1 LIMIT $2[0m  [["id", 3], ["LIMIT", 1]]
  [1m[35m (0.2ms)[0m  [1m[35mBEGIN[0m
  [1m[36mList Update (0.5ms)[0m  [1m[33mUPDATE "lists" SET "category" = $1, "updated_at" = $2 WHERE "lists"."id" = $3[0m  [["category", "adsf"], ["updated_at", "2018-01-30 21:25:35.347822"], ["id", 3]]
  [1m[35m (2.2ms)[0m  [1m[35mCOMMIT[0m
Completed 200 OK in 6ms (Views: 0.4ms | ActiveRecord: 3.0ms)


Started GET "/lists" for 127.0.0.1 at 2018-01-30 13:25:35 -0800
Processing by ListsController#index as HTML
  [1m[36mList Load (0.3ms)[0m  [1m[34mSELECT "lists".* FROM "lists"[0m
  [1m[36mSubject Load (2.9ms)[0m  [1m[34mSELECT "subjects".* FROM "subjects" WHERE "subjects"."list_id" = $1[0m  [["list_id", 4]]
  [1m[36mSubject Load (0.3ms)[0m  [1m[34mSELECT "subjects".* FROM "subjects" WHERE "subjects"."list_id" = $1[0m  [["list_id", 5]]
  [1m[36mSubject Load (0.2ms)[0m  [1m[34mSELECT "subjects".* FROM "subjects" WHERE "subjects"."list_id" = $1[0m  [["list_id", 3]]
Completed 200 OK in 10ms (Views: 0.1ms | ActiveRecord: 3.7ms)


Started GET "/lists" for 127.0.0.1 at 2018-01-30 13:27:22 -0800
Processing by ListsController#index as HTML
  [1m[36mList Load (0.3ms)[0m  [1m[34mSELECT "lists".* FROM "lists"[0m
  [1m[36mSubject Load (0.2ms)[0m  [1m[34mSELECT "subjects".* FROM "subjects" WHERE "subjects"."list_id" = $1[0m  [["list_id", 4]]
  [1m[36mSubject Load (0.1ms)[0m  [1m[34mSELECT "subjects".* FROM "subjects" WHERE "subjects"."list_id" = $1[0m  [["list_id", 5]]
  [1m[36mSubject Load (2.2ms)[0m  [1m[34mSELECT "subjects".* FROM "subjects" WHERE "subjects"."list_id" = $1[0m  [["list_id", 3]]
Completed 200 OK in 8ms (Views: 0.2ms | ActiveRecord: 2.8ms)


Started GET "/lists" for 127.0.0.1 at 2018-01-30 13:31:24 -0800
Processing by ListsController#index as HTML
  [1m[36mList Load (0.7ms)[0m  [1m[34mSELECT "lists".* FROM "lists"[0m
  [1m[36mSubject Load (0.2ms)[0m  [1m[34mSELECT "subjects".* FROM "subjects" WHERE "subjects"."list_id" = $1[0m  [["list_id", 4]]
  [1m[36mSubject Load (2.9ms)[0m  [1m[34mSELECT "subjects".* FROM "subjects" WHERE "subjects"."list_id" = $1[0m  [["list_id", 5]]
  [1m[36mSubject Load (0.2ms)[0m  [1m[34mSELECT "subjects".* FROM "subjects" WHERE "subjects"."list_id" = $1[0m  [["list_id", 3]]
Completed 200 OK in 9ms (Views: 0.2ms | ActiveRecord: 4.0ms)


Started GET "/lists" for 127.0.0.1 at 2018-01-30 13:32:07 -0800
Processing by ListsController#index as HTML
  [1m[36mList Load (0.6ms)[0m  [1m[34mSELECT "lists".* FROM "lists"[0m
  [1m[36mSubject Load (0.2ms)[0m  [1m[34mSELECT "subjects".* FROM "subjects" WHERE "subjects"."list_id" = $1[0m  [["list_id", 4]]
  [1m[36mSubject Load (0.8ms)[0m  [1m[34mSELECT "subjects".* FROM "subjects" WHERE "subjects"."list_id" = $1[0m  [["list_id", 5]]
  [1m[36mSubject Load (0.1ms)[0m  [1m[34mSELECT "subjects".* FROM "subjects" WHERE "subjects"."list_id" = $1[0m  [["list_id", 3]]
Completed 200 OK in 6ms (Views: 0.1ms | ActiveRecord: 1.7ms)


Started GET "/lists" for 127.0.0.1 at 2018-01-30 13:32:31 -0800
Processing by ListsController#index as HTML
  [1m[36mList Load (0.7ms)[0m  [1m[34mSELECT "lists".* FROM "lists"[0m
  [1m[36mSubject Load (0.2ms)[0m  [1m[34mSELECT "subjects".* FROM "subjects" WHERE "subjects"."list_id" = $1[0m  [["list_id", 4]]
  [1m[36mSubject Load (0.2ms)[0m  [1m[34mSELECT "subjects".* FROM "subjects" WHERE "subjects"."list_id" = $1[0m  [["list_id", 5]]
  [1m[36mSubject Load (0.3ms)[0m  [1m[34mSELECT "subjects".* FROM "subjects" WHERE "subjects"."list_id" = $1[0m  [["list_id", 3]]
Completed 200 OK in 15ms (Views: 0.1ms | ActiveRecord: 1.4ms)


Started GET "/lists" for 127.0.0.1 at 2018-01-30 13:33:50 -0800
Processing by ListsController#index as HTML
  [1m[36mList Load (0.3ms)[0m  [1m[34mSELECT "lists".* FROM "lists"[0m
  [1m[36mSubject Load (0.2ms)[0m  [1m[34mSELECT "subjects".* FROM "subjects" WHERE "subjects"."list_id" = $1[0m  [["list_id", 4]]
  [1m[36mSubject Load (0.2ms)[0m  [1m[34mSELECT "subjects".* FROM "subjects" WHERE "subjects"."list_id" = $1[0m  [["list_id", 5]]
  [1m[36mSubject Load (0.1ms)[0m  [1m[34mSELECT "subjects".* FROM "subjects" WHERE "subjects"."list_id" = $1[0m  [["list_id", 3]]
Completed 200 OK in 8ms (Views: 0.1ms | ActiveRecord: 0.8ms)


Started GET "/lists" for 127.0.0.1 at 2018-01-30 13:34:26 -0800
Processing by ListsController#index as HTML
  [1m[36mList Load (0.2ms)[0m  [1m[34mSELECT "lists".* FROM "lists"[0m
  [1m[36mSubject Load (0.2ms)[0m  [1m[34mSELECT "subjects".* FROM "subjects" WHERE "subjects"."list_id" = $1[0m  [["list_id", 4]]
  [1m[36mSubject Load (0.1ms)[0m  [1m[34mSELECT "subjects".* FROM "subjects" WHERE "subjects"."list_id" = $1[0m  [["list_id", 5]]
  [1m[36mSubject Load (0.1ms)[0m  [1m[34mSELECT "subjects".* FROM "subjects" WHERE "subjects"."list_id" = $1[0m  [["list_id", 3]]
Completed 200 OK in 4ms (Views: 0.1ms | ActiveRecord: 0.6ms)


Started GET "/lists" for 127.0.0.1 at 2018-01-30 13:34:33 -0800
Processing by ListsController#index as HTML
  [1m[36mList Load (0.3ms)[0m  [1m[34mSELECT "lists".* FROM "lists"[0m
  [1m[36mSubject Load (0.1ms)[0m  [1m[34mSELECT "subjects".* FROM "subjects" WHERE "subjects"."list_id" = $1[0m  [["list_id", 4]]
  [1m[36mSubject Load (0.1ms)[0m  [1m[34mSELECT "subjects".* FROM "subjects" WHERE "subjects"."list_id" = $1[0m  [["list_id", 5]]
  [1m[36mSubject Load (0.1ms)[0m  [1m[34mSELECT "subjects".* FROM "subjects" WHERE "subjects"."list_id" = $1[0m  [["list_id", 3]]
Completed 200 OK in 3ms (Views: 0.1ms | ActiveRecord: 0.6ms)


Started GET "/lists" for 127.0.0.1 at 2018-01-30 13:34:49 -0800
Processing by ListsController#index as HTML
  [1m[36mList Load (0.6ms)[0m  [1m[34mSELECT "lists".* FROM "lists"[0m
  [1m[36mSubject Load (0.4ms)[0m  [1m[34mSELECT "subjects".* FROM "subjects" WHERE "subjects"."list_id" = $1[0m  [["list_id", 4]]
  [1m[36mSubject Load (0.9ms)[0m  [1m[34mSELECT "subjects".* FROM "subjects" WHERE "subjects"."list_id" = $1[0m  [["list_id", 5]]
  [1m[36mSubject Load (0.2ms)[0m  [1m[34mSELECT "subjects".* FROM "subjects" WHERE "subjects"."list_id" = $1[0m  [["list_id", 3]]
Completed 200 OK in 7ms (Views: 0.1ms | ActiveRecord: 2.0ms)


Started GET "/lists" for 127.0.0.1 at 2018-01-30 13:37:07 -0800
Processing by ListsController#index as HTML
  [1m[36mList Load (0.3ms)[0m  [1m[34mSELECT "lists".* FROM "lists"[0m
  [1m[36mSubject Load (0.2ms)[0m  [1m[34mSELECT "subjects".* FROM "subjects" WHERE "subjects"."list_id" = $1[0m  [["list_id", 4]]
  [1m[36mSubject Load (0.2ms)[0m  [1m[34mSELECT "subjects".* FROM "subjects" WHERE "subjects"."list_id" = $1[0m  [["list_id", 5]]
  [1m[36mSubject Load (0.2ms)[0m  [1m[34mSELECT "subjects".* FROM "subjects" WHERE "subjects"."list_id" = $1[0m  [["list_id", 3]]
Completed 200 OK in 5ms (Views: 0.1ms | ActiveRecord: 0.9ms)


Started GET "/lists" for 127.0.0.1 at 2018-01-30 13:38:14 -0800
Processing by ListsController#index as HTML
  [1m[36mList Load (0.9ms)[0m  [1m[34mSELECT "lists".* FROM "lists"[0m
  [1m[36mSubject Load (0.8ms)[0m  [1m[34mSELECT "subjects".* FROM "subjects" WHERE "subjects"."list_id" = $1[0m  [["list_id", 4]]
  [1m[36mSubject Load (0.8ms)[0m  [1m[34mSELECT "subjects".* FROM "subjects" WHERE "subjects"."list_id" = $1[0m  [["list_id", 5]]
  [1m[36mSubject Load (1.5ms)[0m  [1m[34mSELECT "subjects".* FROM "subjects" WHERE "subjects"."list_id" = $1[0m  [["list_id", 3]]
Completed 200 OK in 8ms (Views: 0.1ms | ActiveRecord: 4.0ms)


Started GET "/lists" for 127.0.0.1 at 2018-01-30 13:45:29 -0800
Processing by ListsController#index as HTML
  [1m[36mList Load (2.3ms)[0m  [1m[34mSELECT "lists".* FROM "lists"[0m
  [1m[36mSubject Load (0.4ms)[0m  [1m[34mSELECT "subjects".* FROM "subjects" WHERE "subjects"."list_id" = $1[0m  [["list_id", 4]]
  [1m[36mSubject Load (0.3ms)[0m  [1m[34mSELECT "subjects".* FROM "subjects" WHERE "subjects"."list_id" = $1[0m  [["list_id", 5]]
  [1m[36mSubject Load (0.4ms)[0m  [1m[34mSELECT "subjects".* FROM "subjects" WHERE "subjects"."list_id" = $1[0m  [["list_id", 3]]
Completed 200 OK in 45ms (Views: 0.1ms | ActiveRecord: 28.7ms)


Started GET "/lists" for 127.0.0.1 at 2018-01-30 13:46:05 -0800
Processing by ListsController#index as HTML
  [1m[36mList Load (0.4ms)[0m  [1m[34mSELECT "lists".* FROM "lists"[0m
  [1m[36mSubject Load (0.3ms)[0m  [1m[34mSELECT "subjects".* FROM "subjects" WHERE "subjects"."list_id" = $1[0m  [["list_id", 4]]
  [1m[36mSubject Load (0.3ms)[0m  [1m[34mSELECT "subjects".* FROM "subjects" WHERE "subjects"."list_id" = $1[0m  [["list_id", 5]]
  [1m[36mSubject Load (0.4ms)[0m  [1m[34mSELECT "subjects".* FROM "subjects" WHERE "subjects"."list_id" = $1[0m  [["list_id", 3]]
Completed 200 OK in 7ms (Views: 0.1ms | ActiveRecord: 1.4ms)


Started PUT "/lists/3" for 127.0.0.1 at 2018-01-30 13:46:16 -0800
Processing by ListsController#update as HTML
  Parameters: {"category"=>"this works", "id"=>"3", "list"=>{"category"=>"this works"}}
  [1m[36mList Load (0.4ms)[0m  [1m[34mSELECT  "lists".* FROM "lists" WHERE "lists"."id" = $1 LIMIT $2[0m  [["id", 3], ["LIMIT", 1]]
  [1m[35m (0.8ms)[0m  [1m[35mBEGIN[0m
  [1m[36mList Update (0.7ms)[0m  [1m[33mUPDATE "lists" SET "category" = $1, "updated_at" = $2 WHERE "lists"."id" = $3[0m  [["category", "this works"], ["updated_at", "2018-01-30 21:46:16.721703"], ["id", 3]]
  [1m[35m (5.8ms)[0m  [1m[35mCOMMIT[0m
Completed 200 OK in 15ms (Views: 0.8ms | ActiveRecord: 7.7ms)


Started GET "/lists" for 127.0.0.1 at 2018-01-30 13:46:16 -0800
Processing by ListsController#index as HTML
  [1m[36mList Load (0.4ms)[0m  [1m[34mSELECT "lists".* FROM "lists"[0m
  [1m[36mSubject Load (0.2ms)[0m  [1m[34mSELECT "subjects".* FROM "subjects" WHERE "subjects"."list_id" = $1[0m  [["list_id", 4]]
  [1m[36mSubject Load (0.2ms)[0m  [1m[34mSELECT "subjects".* FROM "subjects" WHERE "subjects"."list_id" = $1[0m  [["list_id", 5]]
  [1m[36mSubject Load (0.2ms)[0m  [1m[34mSELECT "subjects".* FROM "subjects" WHERE "subjects"."list_id" = $1[0m  [["list_id", 3]]
Completed 200 OK in 5ms (Views: 0.1ms | ActiveRecord: 1.0ms)


Started GET "/lists" for 127.0.0.1 at 2018-01-30 13:55:41 -0800
Processing by ListsController#index as HTML
  [1m[36mList Load (2.1ms)[0m  [1m[34mSELECT "lists".* FROM "lists"[0m
  [1m[36mSubject Load (0.5ms)[0m  [1m[34mSELECT "subjects".* FROM "subjects" WHERE "subjects"."list_id" = $1[0m  [["list_id", 4]]
  [1m[36mSubject Load (1.2ms)[0m  [1m[34mSELECT "subjects".* FROM "subjects" WHERE "subjects"."list_id" = $1[0m  [["list_id", 5]]
  [1m[36mSubject Load (0.3ms)[0m  [1m[34mSELECT "subjects".* FROM "subjects" WHERE "subjects"."list_id" = $1[0m  [["list_id", 3]]
Completed 200 OK in 36ms (Views: 0.1ms | ActiveRecord: 19.5ms)


Started GET "/subjects" for 127.0.0.1 at 2018-01-30 13:58:37 -0800
Processing by SubjectsController#index as */*
  [1m[36mSubject Load (0.3ms)[0m  [1m[34mSELECT "subjects".* FROM "subjects"[0m
Completed 200 OK in 2ms (Views: 1.1ms | ActiveRecord: 0.3ms)


Started GET "/subjects/1" for 127.0.0.1 at 2018-01-30 13:58:50 -0800
Processing by SubjectsController#show as */*
  Parameters: {"id"=>"1"}
  [1m[36mSubject Load (0.3ms)[0m  [1m[34mSELECT  "subjects".* FROM "subjects" WHERE "subjects"."id" = $1 LIMIT $2[0m  [["id", 1], ["LIMIT", 1]]
Completed 200 OK in 11ms (Views: 0.4ms | ActiveRecord: 0.3ms)


Started GET "/lists" for 127.0.0.1 at 2018-01-30 14:06:18 -0800
Processing by ListsController#index as HTML
  [1m[36mList Load (0.7ms)[0m  [1m[34mSELECT "lists".* FROM "lists"[0m
  [1m[36mSubject Load (0.5ms)[0m  [1m[34mSELECT "subjects".* FROM "subjects" WHERE "subjects"."list_id" = $1[0m  [["list_id", 4]]
  [1m[36mSubject Load (0.3ms)[0m  [1m[34mSELECT "subjects".* FROM "subjects" WHERE "subjects"."list_id" = $1[0m  [["list_id", 5]]
  [1m[36mSubject Load (0.3ms)[0m  [1m[34mSELECT "subjects".* FROM "subjects" WHERE "subjects"."list_id" = $1[0m  [["list_id", 3]]
Completed 200 OK in 52ms (Views: 0.1ms | ActiveRecord: 31.9ms)


Started POST "/lists" for 127.0.0.1 at 2018-01-30 14:06:25 -0800
Processing by ListsController#create as HTML
  Parameters: {"category"=>"asdf", "list"=>{"category"=>"asdf"}}
  [1m[35m (0.2ms)[0m  [1m[35mBEGIN[0m
  [1m[36mList Create (1.4ms)[0m  [1m[32mINSERT INTO "lists" ("category", "created_at", "updated_at") VALUES ($1, $2, $3) RETURNING "id"[0m  [["category", "asdf"], ["created_at", "2018-01-30 22:06:25.437573"], ["updated_at", "2018-01-30 22:06:25.437573"]]
  [1m[35m (5.7ms)[0m  [1m[35mCOMMIT[0m
Completed 201 Created in 13ms (Views: 0.6ms | ActiveRecord: 7.3ms)


Started PUT "/lists/3" for 127.0.0.1 at 2018-01-30 14:06:34 -0800
Processing by ListsController#update as HTML
  Parameters: {"category"=>"still works", "id"=>"3", "list"=>{"category"=>"still works"}}
  [1m[36mList Load (0.6ms)[0m  [1m[34mSELECT  "lists".* FROM "lists" WHERE "lists"."id" = $1 LIMIT $2[0m  [["id", 3], ["LIMIT", 1]]
  [1m[35m (2.5ms)[0m  [1m[35mBEGIN[0m
  [1m[36mList Update (10.5ms)[0m  [1m[33mUPDATE "lists" SET "category" = $1, "updated_at" = $2 WHERE "lists"."id" = $3[0m  [["category", "still works"], ["updated_at", "2018-01-30 22:06:34.111548"], ["id", 3]]
  [1m[35m (6.3ms)[0m  [1m[35mCOMMIT[0m
Completed 200 OK in 29ms (Views: 0.3ms | ActiveRecord: 19.9ms)


Started GET "/lists" for 127.0.0.1 at 2018-01-30 14:06:34 -0800
Processing by ListsController#index as HTML
  [1m[36mList Load (0.4ms)[0m  [1m[34mSELECT "lists".* FROM "lists"[0m
  [1m[36mSubject Load (0.3ms)[0m  [1m[34mSELECT "subjects".* FROM "subjects" WHERE "subjects"."list_id" = $1[0m  [["list_id", 4]]
  [1m[36mSubject Load (0.2ms)[0m  [1m[34mSELECT "subjects".* FROM "subjects" WHERE "subjects"."list_id" = $1[0m  [["list_id", 5]]
  [1m[36mSubject Load (0.8ms)[0m  [1m[34mSELECT "subjects".* FROM "subjects" WHERE "subjects"."list_id" = $1[0m  [["list_id", 8]]
  [1m[36mSubject Load (0.2ms)[0m  [1m[34mSELECT "subjects".* FROM "subjects" WHERE "subjects"."list_id" = $1[0m  [["list_id", 3]]
Completed 200 OK in 7ms (Views: 0.1ms | ActiveRecord: 1.9ms)


Started DELETE "/lists/3" for 127.0.0.1 at 2018-01-30 14:06:49 -0800
Processing by ListsController#destroy as HTML
  Parameters: {"id"=>"3"}
  [1m[36mList Load (0.6ms)[0m  [1m[34mSELECT  "lists".* FROM "lists" WHERE "lists"."id" = $1 LIMIT $2[0m  [["id", 3], ["LIMIT", 1]]
  [1m[35m (0.2ms)[0m  [1m[35mBEGIN[0m
  [1m[36mList Destroy (0.3ms)[0m  [1m[31mDELETE FROM "lists" WHERE "lists"."id" = $1[0m  [["id", 3]]
  [1m[35m (5.7ms)[0m  [1m[35mCOMMIT[0m
Completed 204 No Content in 11ms (ActiveRecord: 6.6ms)


Started GET "/lists" for 127.0.0.1 at 2018-01-30 14:06:49 -0800
Processing by ListsController#index as HTML
  [1m[36mList Load (0.4ms)[0m  [1m[34mSELECT "lists".* FROM "lists"[0m
  [1m[36mSubject Load (0.2ms)[0m  [1m[34mSELECT "subjects".* FROM "subjects" WHERE "subjects"."list_id" = $1[0m  [["list_id", 4]]
  [1m[36mSubject Load (0.1ms)[0m  [1m[34mSELECT "subjects".* FROM "subjects" WHERE "subjects"."list_id" = $1[0m  [["list_id", 5]]
  [1m[36mSubject Load (0.1ms)[0m  [1m[34mSELECT "subjects".* FROM "subjects" WHERE "subjects"."list_id" = $1[0m  [["list_id", 8]]
Completed 200 OK in 5ms (Views: 0.1ms | ActiveRecord: 0.8ms)


Started GET "/lists/" for 127.0.0.1 at 2018-01-30 14:19:30 -0800
  [1m[35m (0.9ms)[0m  [1m[34mSELECT "schema_migrations"."version" FROM "schema_migrations" ORDER BY "schema_migrations"."version" ASC[0m
Processing by ListsController#index as HTML
  [1m[36mList Load (0.5ms)[0m  [1m[34mSELECT "lists".* FROM "lists"[0m
  [1m[36mSubject Load (0.6ms)[0m  [1m[34mSELECT "subjects".* FROM "subjects" WHERE "subjects"."list_id" = $1[0m  [["list_id", 4]]
  [1m[36mSubject Load (0.2ms)[0m  [1m[34mSELECT "subjects".* FROM "subjects" WHERE "subjects"."list_id" = $1[0m  [["list_id", 5]]
  [1m[36mSubject Load (0.2ms)[0m  [1m[34mSELECT "subjects".* FROM "subjects" WHERE "subjects"."list_id" = $1[0m  [["list_id", 8]]
Completed 200 OK in 31ms (Views: 0.1ms | ActiveRecord: 8.7ms)


Started GET "/lists" for 127.0.0.1 at 2018-01-30 14:19:40 -0800
Processing by ListsController#index as HTML
  [1m[36mList Load (0.4ms)[0m  [1m[34mSELECT "lists".* FROM "lists"[0m
  [1m[36mSubject Load (0.7ms)[0m  [1m[34mSELECT "subjects".* FROM "subjects" WHERE "subjects"."list_id" = $1[0m  [["list_id", 4]]
  [1m[36mSubject Load (0.3ms)[0m  [1m[34mSELECT "subjects".* FROM "subjects" WHERE "subjects"."list_id" = $1[0m  [["list_id", 5]]
  [1m[36mSubject Load (0.3ms)[0m  [1m[34mSELECT "subjects".* FROM "subjects" WHERE "subjects"."list_id" = $1[0m  [["list_id", 8]]
Completed 200 OK in 6ms (Views: 0.1ms | ActiveRecord: 1.7ms)


Started GET "/lists" for 127.0.0.1 at 2018-01-30 15:17:03 -0800
  [1m[35m (0.7ms)[0m  [1m[34mSELECT "schema_migrations"."version" FROM "schema_migrations" ORDER BY "schema_migrations"."version" ASC[0m
Processing by ListsController#index as HTML
  [1m[36mList Load (0.4ms)[0m  [1m[34mSELECT "lists".* FROM "lists"[0m
  [1m[36mSubject Load (0.3ms)[0m  [1m[34mSELECT "subjects".* FROM "subjects" WHERE "subjects"."list_id" = $1[0m  [["list_id", 4]]
  [1m[36mSubject Load (0.2ms)[0m  [1m[34mSELECT "subjects".* FROM "subjects" WHERE "subjects"."list_id" = $1[0m  [["list_id", 5]]
  [1m[36mSubject Load (0.2ms)[0m  [1m[34mSELECT "subjects".* FROM "subjects" WHERE "subjects"."list_id" = $1[0m  [["list_id", 8]]
Completed 200 OK in 19ms (Views: 0.1ms | ActiveRecord: 8.0ms)


Started GET "/lists" for 127.0.0.1 at 2018-01-30 19:27:56 -0800
  [1m[35m (0.8ms)[0m  [1m[34mSELECT "schema_migrations"."version" FROM "schema_migrations" ORDER BY "schema_migrations"."version" ASC[0m
Processing by ListsController#index as HTML
  [1m[36mList Load (0.5ms)[0m  [1m[34mSELECT "lists".* FROM "lists"[0m
  [1m[36mSubject Load (0.3ms)[0m  [1m[34mSELECT "subjects".* FROM "subjects" WHERE "subjects"."list_id" = $1[0m  [["list_id", 4]]
  [1m[36mSubject Load (0.2ms)[0m  [1m[34mSELECT "subjects".* FROM "subjects" WHERE "subjects"."list_id" = $1[0m  [["list_id", 5]]
  [1m[36mSubject Load (0.2ms)[0m  [1m[34mSELECT "subjects".* FROM "subjects" WHERE "subjects"."list_id" = $1[0m  [["list_id", 8]]
Completed 200 OK in 29ms (Views: 0.1ms | ActiveRecord: 8.8ms)


Started GET "/lists" for 127.0.0.1 at 2018-01-30 19:28:18 -0800
Processing by ListsController#index as HTML
  [1m[36mList Load (0.3ms)[0m  [1m[34mSELECT "lists".* FROM "lists"[0m
  [1m[36mSubject Load (0.2ms)[0m  [1m[34mSELECT "subjects".* FROM "subjects" WHERE "subjects"."list_id" = $1[0m  [["list_id", 4]]
  [1m[36mSubject Load (0.3ms)[0m  [1m[34mSELECT "subjects".* FROM "subjects" WHERE "subjects"."list_id" = $1[0m  [["list_id", 5]]
  [1m[36mSubject Load (0.2ms)[0m  [1m[34mSELECT "subjects".* FROM "subjects" WHERE "subjects"."list_id" = $1[0m  [["list_id", 8]]
Completed 200 OK in 4ms (Views: 0.1ms | ActiveRecord: 1.0ms)


Started POST "/lists" for 127.0.0.1 at 2018-01-30 19:46:28 -0800
Processing by ListsController#create as HTML
  Parameters: {"category"=>"Feed the baby", "list"=>{"category"=>"Feed the baby"}}
  [1m[35m (0.1ms)[0m  [1m[35mBEGIN[0m
  [1m[36mList Create (1.1ms)[0m  [1m[32mINSERT INTO "lists" ("category", "created_at", "updated_at") VALUES ($1, $2, $3) RETURNING "id"[0m  [["category", "Feed the baby"], ["created_at", "2018-01-31 03:46:28.892761"], ["updated_at", "2018-01-31 03:46:28.892761"]]
  [1m[35m (1.1ms)[0m  [1m[35mCOMMIT[0m
Completed 201 Created in 35ms (Views: 0.8ms | ActiveRecord: 24.8ms)


Started PUT "/lists/9" for 127.0.0.1 at 2018-01-30 19:47:00 -0800
Processing by ListsController#update as HTML
  Parameters: {"category"=>"Work in Progress", "id"=>"9", "list"=>{"category"=>"Work in Progress"}}
  [1m[36mList Load (0.4ms)[0m  [1m[34mSELECT  "lists".* FROM "lists" WHERE "lists"."id" = $1 LIMIT $2[0m  [["id", 9], ["LIMIT", 1]]
  [1m[35m (0.1ms)[0m  [1m[35mBEGIN[0m
  [1m[36mList Update (0.4ms)[0m  [1m[33mUPDATE "lists" SET "category" = $1, "updated_at" = $2 WHERE "lists"."id" = $3[0m  [["category", "Work in Progress"], ["updated_at", "2018-01-31 03:47:00.572090"], ["id", 9]]
  [1m[35m (2.1ms)[0m  [1m[35mCOMMIT[0m
Completed 200 OK in 7ms (Views: 0.5ms | ActiveRecord: 3.2ms)


Started GET "/lists" for 127.0.0.1 at 2018-01-30 19:47:00 -0800
Processing by ListsController#index as HTML
  [1m[36mList Load (0.3ms)[0m  [1m[34mSELECT "lists".* FROM "lists"[0m
  [1m[36mSubject Load (0.4ms)[0m  [1m[34mSELECT "subjects".* FROM "subjects" WHERE "subjects"."list_id" = $1[0m  [["list_id", 4]]
  [1m[36mSubject Load (0.2ms)[0m  [1m[34mSELECT "subjects".* FROM "subjects" WHERE "subjects"."list_id" = $1[0m  [["list_id", 5]]
  [1m[36mSubject Load (0.2ms)[0m  [1m[34mSELECT "subjects".* FROM "subjects" WHERE "subjects"."list_id" = $1[0m  [["list_id", 8]]
  [1m[36mSubject Load (0.2ms)[0m  [1m[34mSELECT "subjects".* FROM "subjects" WHERE "subjects"."list_id" = $1[0m  [["list_id", 9]]
Completed 200 OK in 5ms (Views: 0.1ms | ActiveRecord: 1.2ms)


Started DELETE "/lists/9" for 127.0.0.1 at 2018-01-30 19:47:08 -0800
Processing by ListsController#destroy as HTML
  Parameters: {"id"=>"9"}
  [1m[36mList Load (0.3ms)[0m  [1m[34mSELECT  "lists".* FROM "lists" WHERE "lists"."id" = $1 LIMIT $2[0m  [["id", 9], ["LIMIT", 1]]
  [1m[35m (0.1ms)[0m  [1m[35mBEGIN[0m
  [1m[36mList Destroy (0.3ms)[0m  [1m[31mDELETE FROM "lists" WHERE "lists"."id" = $1[0m  [["id", 9]]
  [1m[35m (5.4ms)[0m  [1m[35mCOMMIT[0m
Completed 204 No Content in 8ms (ActiveRecord: 6.2ms)


Started GET "/lists" for 127.0.0.1 at 2018-01-30 19:47:08 -0800
Processing by ListsController#index as HTML
  [1m[36mList Load (0.2ms)[0m  [1m[34mSELECT "lists".* FROM "lists"[0m
  [1m[36mSubject Load (0.3ms)[0m  [1m[34mSELECT "subjects".* FROM "subjects" WHERE "subjects"."list_id" = $1[0m  [["list_id", 4]]
  [1m[36mSubject Load (0.2ms)[0m  [1m[34mSELECT "subjects".* FROM "subjects" WHERE "subjects"."list_id" = $1[0m  [["list_id", 5]]
  [1m[36mSubject Load (0.3ms)[0m  [1m[34mSELECT "subjects".* FROM "subjects" WHERE "subjects"."list_id" = $1[0m  [["list_id", 8]]
Completed 200 OK in 4ms (Views: 0.1ms | ActiveRecord: 1.0ms)


Started DELETE "/lists/8" for 127.0.0.1 at 2018-01-30 19:47:10 -0800
Processing by ListsController#destroy as HTML
  Parameters: {"id"=>"8"}
  [1m[36mList Load (0.3ms)[0m  [1m[34mSELECT  "lists".* FROM "lists" WHERE "lists"."id" = $1 LIMIT $2[0m  [["id", 8], ["LIMIT", 1]]
  [1m[35m (0.1ms)[0m  [1m[35mBEGIN[0m
  [1m[36mList Destroy (0.3ms)[0m  [1m[31mDELETE FROM "lists" WHERE "lists"."id" = $1[0m  [["id", 8]]
  [1m[35m (0.5ms)[0m  [1m[35mCOMMIT[0m
Completed 204 No Content in 3ms (ActiveRecord: 1.2ms)


Started GET "/lists" for 127.0.0.1 at 2018-01-30 19:47:10 -0800
Processing by ListsController#index as HTML
  [1m[36mList Load (0.2ms)[0m  [1m[34mSELECT "lists".* FROM "lists"[0m
  [1m[36mSubject Load (0.1ms)[0m  [1m[34mSELECT "subjects".* FROM "subjects" WHERE "subjects"."list_id" = $1[0m  [["list_id", 4]]
  [1m[36mSubject Load (0.2ms)[0m  [1m[34mSELECT "subjects".* FROM "subjects" WHERE "subjects"."list_id" = $1[0m  [["list_id", 5]]
Completed 200 OK in 3ms (Views: 0.1ms | ActiveRecord: 0.5ms)


Started GET "/lists" for 127.0.0.1 at 2018-01-30 19:47:36 -0800
Processing by ListsController#index as HTML
  [1m[36mList Load (0.4ms)[0m  [1m[34mSELECT "lists".* FROM "lists"[0m
  [1m[36mSubject Load (0.2ms)[0m  [1m[34mSELECT "subjects".* FROM "subjects" WHERE "subjects"."list_id" = $1[0m  [["list_id", 4]]
  [1m[36mSubject Load (0.1ms)[0m  [1m[34mSELECT "subjects".* FROM "subjects" WHERE "subjects"."list_id" = $1[0m  [["list_id", 5]]
Completed 200 OK in 3ms (Views: 0.1ms | ActiveRecord: 0.7ms)


Started GET "/lists" for 127.0.0.1 at 2018-01-30 19:54:37 -0800
Processing by ListsController#index as HTML
  [1m[36mList Load (0.6ms)[0m  [1m[34mSELECT "lists".* FROM "lists"[0m
  [1m[36mSubject Load (0.4ms)[0m  [1m[34mSELECT "subjects".* FROM "subjects" WHERE "subjects"."list_id" = $1[0m  [["list_id", 4]]
  [1m[36mSubject Load (0.2ms)[0m  [1m[34mSELECT "subjects".* FROM "subjects" WHERE "subjects"."list_id" = $1[0m  [["list_id", 5]]
Completed 200 OK in 17ms (Views: 0.1ms | ActiveRecord: 8.8ms)


Started POST "/lists" for 127.0.0.1 at 2018-01-30 19:54:44 -0800
Processing by ListsController#create as HTML
  Parameters: {"category"=>"working", "list"=>{"category"=>"working"}}
  [1m[35m (0.4ms)[0m  [1m[35mBEGIN[0m
  [1m[36mList Create (2.1ms)[0m  [1m[32mINSERT INTO "lists" ("category", "created_at", "updated_at") VALUES ($1, $2, $3) RETURNING "id"[0m  [["category", "working"], ["created_at", "2018-01-31 03:54:44.443391"], ["updated_at", "2018-01-31 03:54:44.443391"]]
  [1m[35m (5.6ms)[0m  [1m[35mCOMMIT[0m
Completed 201 Created in 12ms (Views: 0.7ms | ActiveRecord: 8.1ms)


Started DELETE "/lists/10" for 127.0.0.1 at 2018-01-30 19:54:47 -0800
Processing by ListsController#destroy as HTML
  Parameters: {"id"=>"10"}
  [1m[36mList Load (0.3ms)[0m  [1m[34mSELECT  "lists".* FROM "lists" WHERE "lists"."id" = $1 LIMIT $2[0m  [["id", 10], ["LIMIT", 1]]
  [1m[35m (0.2ms)[0m  [1m[35mBEGIN[0m
  [1m[36mList Destroy (0.3ms)[0m  [1m[31mDELETE FROM "lists" WHERE "lists"."id" = $1[0m  [["id", 10]]
  [1m[35m (5.6ms)[0m  [1m[35mCOMMIT[0m
Completed 204 No Content in 9ms (ActiveRecord: 6.3ms)


Started GET "/lists" for 127.0.0.1 at 2018-01-30 19:54:47 -0800
Processing by ListsController#index as HTML
  [1m[36mList Load (0.2ms)[0m  [1m[34mSELECT "lists".* FROM "lists"[0m
  [1m[36mSubject Load (0.2ms)[0m  [1m[34mSELECT "subjects".* FROM "subjects" WHERE "subjects"."list_id" = $1[0m  [["list_id", 4]]
  [1m[36mSubject Load (0.2ms)[0m  [1m[34mSELECT "subjects".* FROM "subjects" WHERE "subjects"."list_id" = $1[0m  [["list_id", 5]]
Completed 200 OK in 3ms (Views: 0.1ms | ActiveRecord: 0.6ms)


Started GET "/lists" for 127.0.0.1 at 2018-01-30 20:45:46 -0800
Processing by ListsController#index as HTML
  [1m[36mList Load (0.5ms)[0m  [1m[34mSELECT "lists".* FROM "lists"[0m
  [1m[36mSubject Load (0.3ms)[0m  [1m[34mSELECT "subjects".* FROM "subjects" WHERE "subjects"."list_id" = $1[0m  [["list_id", 4]]
  [1m[36mSubject Load (0.2ms)[0m  [1m[34mSELECT "subjects".* FROM "subjects" WHERE "subjects"."list_id" = $1[0m  [["list_id", 5]]
Completed 200 OK in 23ms (Views: 0.1ms | ActiveRecord: 15.0ms)


Started GET "/lists" for 127.0.0.1 at 2018-01-30 20:47:06 -0800
Processing by ListsController#index as HTML
  [1m[36mList Load (0.3ms)[0m  [1m[34mSELECT "lists".* FROM "lists"[0m
  [1m[36mSubject Load (0.2ms)[0m  [1m[34mSELECT "subjects".* FROM "subjects" WHERE "subjects"."list_id" = $1[0m  [["list_id", 4]]
  [1m[36mSubject Load (0.2ms)[0m  [1m[34mSELECT "subjects".* FROM "subjects" WHERE "subjects"."list_id" = $1[0m  [["list_id", 5]]
Completed 200 OK in 4ms (Views: 0.1ms | ActiveRecord: 0.7ms)


Started GET "/lists" for 127.0.0.1 at 2018-01-30 20:50:09 -0800
Processing by ListsController#index as HTML
  [1m[36mList Load (0.2ms)[0m  [1m[34mSELECT "lists".* FROM "lists"[0m
  [1m[36mSubject Load (0.3ms)[0m  [1m[34mSELECT "subjects".* FROM "subjects" WHERE "subjects"."list_id" = $1[0m  [["list_id", 4]]
  [1m[36mSubject Load (0.3ms)[0m  [1m[34mSELECT "subjects".* FROM "subjects" WHERE "subjects"."list_id" = $1[0m  [["list_id", 5]]
Completed 200 OK in 3ms (Views: 0.1ms | ActiveRecord: 0.8ms)


Started GET "/lists" for 127.0.0.1 at 2018-01-30 20:55:54 -0800
Processing by ListsController#index as HTML
  [1m[36mList Load (0.4ms)[0m  [1m[34mSELECT "lists".* FROM "lists"[0m
  [1m[36mSubject Load (0.2ms)[0m  [1m[34mSELECT "subjects".* FROM "subjects" WHERE "subjects"."list_id" = $1[0m  [["list_id", 4]]
  [1m[36mSubject Load (0.2ms)[0m  [1m[34mSELECT "subjects".* FROM "subjects" WHERE "subjects"."list_id" = $1[0m  [["list_id", 5]]
Completed 200 OK in 4ms (Views: 0.2ms | ActiveRecord: 0.8ms)


Started POST "/lists" for 127.0.0.1 at 2018-01-30 20:56:21 -0800
Processing by ListsController#create as HTML
  Parameters: {"category"=>"grocery shop", "list"=>{"category"=>"grocery shop"}}
  [1m[35m (0.1ms)[0m  [1m[35mBEGIN[0m
  [1m[36mList Create (0.6ms)[0m  [1m[32mINSERT INTO "lists" ("category", "created_at", "updated_at") VALUES ($1, $2, $3) RETURNING "id"[0m  [["category", "grocery shop"], ["created_at", "2018-01-31 04:56:21.698898"], ["updated_at", "2018-01-31 04:56:21.698898"]]
  [1m[35m (5.6ms)[0m  [1m[35mCOMMIT[0m
Completed 201 Created in 10ms (Views: 0.7ms | ActiveRecord: 6.4ms)


Started PUT "/lists/11" for 127.0.0.1 at 2018-01-30 20:57:07 -0800
Processing by ListsController#update as HTML
  Parameters: {"category"=>"Grocery", "id"=>"11", "list"=>{"category"=>"Grocery"}}
  [1m[36mList Load (0.3ms)[0m  [1m[34mSELECT  "lists".* FROM "lists" WHERE "lists"."id" = $1 LIMIT $2[0m  [["id", 11], ["LIMIT", 1]]
  [1m[35m (0.1ms)[0m  [1m[35mBEGIN[0m
  [1m[36mList Update (0.5ms)[0m  [1m[33mUPDATE "lists" SET "category" = $1, "updated_at" = $2 WHERE "lists"."id" = $3[0m  [["category", "Grocery"], ["updated_at", "2018-01-31 04:57:07.892069"], ["id", 11]]
  [1m[35m (5.7ms)[0m  [1m[35mCOMMIT[0m
Completed 200 OK in 10ms (Views: 0.4ms | ActiveRecord: 6.7ms)


Started GET "/lists" for 127.0.0.1 at 2018-01-30 20:57:07 -0800
Processing by ListsController#index as HTML
  [1m[36mList Load (0.5ms)[0m  [1m[34mSELECT "lists".* FROM "lists"[0m
  [1m[36mSubject Load (0.2ms)[0m  [1m[34mSELECT "subjects".* FROM "subjects" WHERE "subjects"."list_id" = $1[0m  [["list_id", 4]]
  [1m[36mSubject Load (0.2ms)[0m  [1m[34mSELECT "subjects".* FROM "subjects" WHERE "subjects"."list_id" = $1[0m  [["list_id", 5]]
  [1m[36mSubject Load (0.2ms)[0m  [1m[34mSELECT "subjects".* FROM "subjects" WHERE "subjects"."list_id" = $1[0m  [["list_id", 11]]
Completed 200 OK in 5ms (Views: 0.1ms | ActiveRecord: 1.1ms)


Started DELETE "/lists/11" for 127.0.0.1 at 2018-01-30 20:57:08 -0800
Processing by ListsController#destroy as HTML
  Parameters: {"id"=>"11"}
  [1m[36mList Load (0.3ms)[0m  [1m[34mSELECT  "lists".* FROM "lists" WHERE "lists"."id" = $1 LIMIT $2[0m  [["id", 11], ["LIMIT", 1]]
  [1m[35m (0.1ms)[0m  [1m[35mBEGIN[0m
  [1m[36mList Destroy (0.3ms)[0m  [1m[31mDELETE FROM "lists" WHERE "lists"."id" = $1[0m  [["id", 11]]
  [1m[35m (5.5ms)[0m  [1m[35mCOMMIT[0m
Completed 204 No Content in 8ms (ActiveRecord: 6.2ms)


Started GET "/lists" for 127.0.0.1 at 2018-01-30 20:57:08 -0800
Processing by ListsController#index as HTML
  [1m[36mList Load (0.3ms)[0m  [1m[34mSELECT "lists".* FROM "lists"[0m
  [1m[36mSubject Load (0.2ms)[0m  [1m[34mSELECT "subjects".* FROM "subjects" WHERE "subjects"."list_id" = $1[0m  [["list_id", 4]]
  [1m[36mSubject Load (0.2ms)[0m  [1m[34mSELECT "subjects".* FROM "subjects" WHERE "subjects"."list_id" = $1[0m  [["list_id", 5]]
Completed 200 OK in 3ms (Views: 0.1ms | ActiveRecord: 0.7ms)


Started PUT "/lists/4" for 127.0.0.1 at 2018-01-30 21:05:35 -0800
Processing by ListsController#update as HTML
  Parameters: {"category"=>"list weights", "id"=>"4", "list"=>{"category"=>"list weights"}}
  [1m[36mList Load (0.7ms)[0m  [1m[34mSELECT  "lists".* FROM "lists" WHERE "lists"."id" = $1 LIMIT $2[0m  [["id", 4], ["LIMIT", 1]]
  [1m[35m (0.1ms)[0m  [1m[35mBEGIN[0m
  [1m[36mList Update (0.4ms)[0m  [1m[33mUPDATE "lists" SET "category" = $1, "updated_at" = $2 WHERE "lists"."id" = $3[0m  [["category", "list weights"], ["updated_at", "2018-01-31 05:05:35.344381"], ["id", 4]]
  [1m[35m (5.8ms)[0m  [1m[35mCOMMIT[0m
Completed 200 OK in 21ms (Views: 0.4ms | ActiveRecord: 13.1ms)


Started GET "/lists" for 127.0.0.1 at 2018-01-30 21:05:35 -0800
Processing by ListsController#index as HTML
  [1m[36mList Load (0.4ms)[0m  [1m[34mSELECT "lists".* FROM "lists"[0m
  [1m[36mSubject Load (0.5ms)[0m  [1m[34mSELECT "subjects".* FROM "subjects" WHERE "subjects"."list_id" = $1[0m  [["list_id", 5]]
  [1m[36mSubject Load (0.2ms)[0m  [1m[34mSELECT "subjects".* FROM "subjects" WHERE "subjects"."list_id" = $1[0m  [["list_id", 4]]
Completed 200 OK in 5ms (Views: 0.1ms | ActiveRecord: 1.3ms)


Started GET "/lists" for 127.0.0.1 at 2018-01-30 21:13:42 -0800
Processing by ListsController#index as HTML
  [1m[36mList Load (0.6ms)[0m  [1m[34mSELECT "lists".* FROM "lists"[0m
  [1m[36mSubject Load (0.3ms)[0m  [1m[34mSELECT "subjects".* FROM "subjects" WHERE "subjects"."list_id" = $1[0m  [["list_id", 5]]
  [1m[36mSubject Load (0.2ms)[0m  [1m[34mSELECT "subjects".* FROM "subjects" WHERE "subjects"."list_id" = $1[0m  [["list_id", 4]]
Completed 200 OK in 19ms (Views: 0.1ms | ActiveRecord: 9.8ms)


Started GET "/lists" for 127.0.0.1 at 2018-01-30 21:19:01 -0800
Processing by ListsController#index as HTML
  [1m[36mList Load (0.7ms)[0m  [1m[34mSELECT "lists".* FROM "lists"[0m
  [1m[36mSubject Load (0.5ms)[0m  [1m[34mSELECT "subjects".* FROM "subjects" WHERE "subjects"."list_id" = $1[0m  [["list_id", 5]]
  [1m[36mSubject Load (0.2ms)[0m  [1m[34mSELECT "subjects".* FROM "subjects" WHERE "subjects"."list_id" = $1[0m  [["list_id", 4]]
Completed 200 OK in 20ms (Views: 0.1ms | ActiveRecord: 10.8ms)


Started GET "/lists" for 127.0.0.1 at 2018-01-30 21:19:14 -0800
Processing by ListsController#index as HTML
  [1m[36mList Load (0.2ms)[0m  [1m[34mSELECT "lists".* FROM "lists"[0m
  [1m[36mSubject Load (0.3ms)[0m  [1m[34mSELECT "subjects".* FROM "subjects" WHERE "subjects"."list_id" = $1[0m  [["list_id", 5]]
  [1m[36mSubject Load (0.2ms)[0m  [1m[34mSELECT "subjects".* FROM "subjects" WHERE "subjects"."list_id" = $1[0m  [["list_id", 4]]
Completed 200 OK in 3ms (Views: 0.1ms | ActiveRecord: 0.7ms)


Started GET "/lists" for 127.0.0.1 at 2018-01-30 21:25:18 -0800
Processing by ListsController#index as HTML
  [1m[36mList Load (0.5ms)[0m  [1m[34mSELECT "lists".* FROM "lists"[0m
  [1m[36mSubject Load (0.4ms)[0m  [1m[34mSELECT "subjects".* FROM "subjects" WHERE "subjects"."list_id" = $1[0m  [["list_id", 5]]
  [1m[36mSubject Load (0.2ms)[0m  [1m[34mSELECT "subjects".* FROM "subjects" WHERE "subjects"."list_id" = $1[0m  [["list_id", 4]]
Completed 200 OK in 17ms (Views: 0.1ms | ActiveRecord: 9.6ms)


Started GET "/lists" for 127.0.0.1 at 2018-01-30 21:25:23 -0800
Processing by ListsController#index as HTML
  [1m[36mList Load (0.3ms)[0m  [1m[34mSELECT "lists".* FROM "lists"[0m
  [1m[36mSubject Load (0.2ms)[0m  [1m[34mSELECT "subjects".* FROM "subjects" WHERE "subjects"."list_id" = $1[0m  [["list_id", 5]]
  [1m[36mSubject Load (0.2ms)[0m  [1m[34mSELECT "subjects".* FROM "subjects" WHERE "subjects"."list_id" = $1[0m  [["list_id", 4]]
Completed 200 OK in 4ms (Views: 0.1ms | ActiveRecord: 0.7ms)


Started GET "/lists" for 127.0.0.1 at 2018-01-30 21:40:26 -0800
Processing by ListsController#index as HTML
  [1m[36mList Load (0.5ms)[0m  [1m[34mSELECT "lists".* FROM "lists"[0m
  [1m[36mSubject Load (0.3ms)[0m  [1m[34mSELECT "subjects".* FROM "subjects" WHERE "subjects"."list_id" = $1[0m  [["list_id", 5]]
  [1m[36mSubject Load (0.2ms)[0m  [1m[34mSELECT "subjects".* FROM "subjects" WHERE "subjects"."list_id" = $1[0m  [["list_id", 4]]
Completed 200 OK in 24ms (Views: 0.1ms | ActiveRecord: 16.1ms)


Started GET "/lists" for 127.0.0.1 at 2018-01-30 21:42:10 -0800
Processing by ListsController#index as HTML
  [1m[36mList Load (0.5ms)[0m  [1m[34mSELECT "lists".* FROM "lists"[0m
  [1m[36mSubject Load (0.2ms)[0m  [1m[34mSELECT "subjects".* FROM "subjects" WHERE "subjects"."list_id" = $1[0m  [["list_id", 5]]
  [1m[36mSubject Load (0.2ms)[0m  [1m[34mSELECT "subjects".* FROM "subjects" WHERE "subjects"."list_id" = $1[0m  [["list_id", 4]]
Completed 200 OK in 4ms (Views: 0.1ms | ActiveRecord: 0.9ms)


